TN:
SF:src/views/AdminView.tsx
FN:10,(anonymous_0)
FN:11,ErrorModal
FN:12,(anonymous_2)
FN:12,(anonymous_3)
FN:14,(anonymous_4)
FN:17,PickerModal
FN:19,(anonymous_6)
FN:19,(anonymous_7)
FN:21,(anonymous_8)
FN:21,(anonymous_9)
FN:21,(anonymous_10)
FN:21,(anonymous_11)
FN:21,(anonymous_12)
FN:21,(anonymous_13)
FN:21,(anonymous_14)
FN:21,(anonymous_15)
FN:21,(anonymous_16)
FN:23,AdminView
FN:25,(anonymous_18)
FN:26,(anonymous_19)
FN:27,(anonymous_20)
FN:27,(anonymous_21)
FN:27,(anonymous_22)
FN:28,(anonymous_23)
FN:28,(anonymous_24)
FN:28,(anonymous_25)
FN:28,(anonymous_26)
FN:28,(anonymous_27)
FN:29,(anonymous_28)
FN:30,(anonymous_29)
FN:31,(anonymous_30)
FN:32,(anonymous_31)
FN:33,(anonymous_32)
FN:34,(anonymous_33)
FN:35,(anonymous_34)
FN:36,(anonymous_35)
FN:37,(anonymous_36)
FN:38,(anonymous_37)
FN:38,(anonymous_38)
FN:38,(anonymous_39)
FN:39,(anonymous_40)
FN:39,(anonymous_41)
FN:40,(anonymous_42)
FN:40,(anonymous_43)
FN:40,(anonymous_44)
FN:41,(anonymous_45)
FN:42,(anonymous_46)
FN:44,(anonymous_47)
FN:44,(anonymous_48)
FN:44,(anonymous_49)
FN:44,(anonymous_50)
FN:44,(anonymous_51)
FN:44,(anonymous_52)
FN:44,(anonymous_53)
FN:44,(anonymous_54)
FN:44,(anonymous_55)
FN:44,(anonymous_56)
FN:44,(anonymous_57)
FN:44,(anonymous_58)
FN:44,(anonymous_59)
FN:44,(anonymous_60)
FN:46,Overview
FN:46,(anonymous_62)
FN:47,UserTable
FN:47,(anonymous_64)
FN:47,(anonymous_65)
FN:47,(anonymous_66)
FN:49,ProductForm
FN:49,(anonymous_68)
FN:49,(anonymous_69)
FN:49,(anonymous_70)
FN:49,(anonymous_71)
FN:49,(anonymous_72)
FN:49,(anonymous_73)
FN:49,(anonymous_74)
FN:49,(anonymous_75)
FN:49,(anonymous_76)
FN:49,(anonymous_77)
FN:49,(anonymous_78)
FN:49,(anonymous_79)
FN:49,(anonymous_80)
FN:49,(anonymous_81)
FN:49,(anonymous_82)
FN:49,(anonymous_83)
FN:49,(anonymous_84)
FN:49,(anonymous_85)
FN:49,(anonymous_86)
FN:49,(anonymous_87)
FN:49,(anonymous_88)
FN:49,(anonymous_89)
FN:49,(anonymous_90)
FN:50,ProductTable
FN:50,(anonymous_92)
FN:50,(anonymous_93)
FN:50,(anonymous_94)
FN:50,(anonymous_95)
FN:51,SalesPanel
FN:51,(anonymous_97)
FN:51,(anonymous_98)
FN:53,ProvidersPanel
FN:55,(anonymous_100)
FN:55,(anonymous_101)
FN:56,(anonymous_102)
FN:56,(anonymous_103)
FN:56,(anonymous_104)
FN:57,(anonymous_105)
FN:58,(anonymous_106)
FN:59,(anonymous_107)
FN:60,(anonymous_108)
FN:60,(anonymous_109)
FN:61,(anonymous_110)
FN:61,(anonymous_111)
FN:62,(anonymous_112)
FN:64,(anonymous_113)
FN:64,(anonymous_114)
FN:65,(anonymous_115)
FN:66,(anonymous_116)
FN:67,(anonymous_117)
FN:67,(anonymous_118)
FN:67,(anonymous_119)
FN:67,(anonymous_120)
FN:67,(anonymous_121)
FN:67,(anonymous_122)
FN:67,(anonymous_123)
FN:67,(anonymous_124)
FN:67,(anonymous_125)
FN:67,(anonymous_126)
FN:67,(anonymous_127)
FN:67,(anonymous_128)
FN:67,(anonymous_129)
FN:67,(anonymous_130)
FN:67,(anonymous_131)
FN:67,(anonymous_132)
FN:69,ReceiveModal
FN:72,(anonymous_134)
FN:72,(anonymous_135)
FN:73,(anonymous_136)
FN:73,(anonymous_137)
FN:74,(anonymous_138)
FN:74,(anonymous_139)
FN:75,(anonymous_140)
FN:93,(anonymous_141)
FN:93,(anonymous_142)
FN:93,(anonymous_143)
FN:93,(anonymous_144)
FN:93,(anonymous_145)
FN:93,(anonymous_146)
FN:95,OrdersPanel
FN:98,(anonymous_148)
FN:99,(anonymous_149)
FN:99,(anonymous_150)
FN:100,(anonymous_151)
FN:100,(anonymous_152)
FN:100,(anonymous_153)
FN:100,(anonymous_154)
FN:101,(anonymous_155)
FN:101,(anonymous_156)
FN:101,(anonymous_157)
FN:101,(anonymous_158)
FN:102,(anonymous_159)
FN:107,(anonymous_160)
FN:108,(anonymous_161)
FN:108,(anonymous_162)
FN:108,(anonymous_163)
FN:109,(anonymous_164)
FN:110,(anonymous_165)
FN:111,(anonymous_166)
FN:112,(anonymous_167)
FN:112,(anonymous_168)
FN:112,(anonymous_169)
FN:112,(anonymous_170)
FN:112,(anonymous_171)
FN:112,(anonymous_172)
FN:112,(anonymous_173)
FN:112,(anonymous_174)
FN:112,(anonymous_175)
FN:112,(anonymous_176)
FN:112,(anonymous_177)
FN:112,(anonymous_178)
FN:112,(anonymous_179)
FN:112,(anonymous_180)
FN:112,(anonymous_181)
FN:112,(anonymous_182)
FN:112,(anonymous_183)
FN:112,(anonymous_184)
FN:112,(anonymous_185)
FN:112,(anonymous_186)
FN:112,(anonymous_187)
FN:112,(anonymous_188)
FN:112,(anonymous_189)
FN:112,(anonymous_190)
FN:112,(anonymous_191)
FN:112,(anonymous_192)
FN:112,(anonymous_193)
FN:112,(anonymous_194)
FN:112,(anonymous_195)
FN:112,(anonymous_196)
FN:112,(anonymous_197)
FN:112,(anonymous_198)
FN:112,(anonymous_199)
FN:112,(anonymous_200)
FN:117,SystemNodes
FN:119,(anonymous_202)
FN:119,(anonymous_203)
FN:120,(anonymous_204)
FN:122,(anonymous_205)
FN:122,(anonymous_206)
FN:122,(anonymous_207)
FNF:208
FNH:22
FNDA:94,(anonymous_0)
FNDA:50,ErrorModal
FNDA:19,(anonymous_2)
FNDA:1,(anonymous_3)
FNDA:0,(anonymous_4)
FNDA:0,PickerModal
FNDA:0,(anonymous_6)
FNDA:0,(anonymous_7)
FNDA:0,(anonymous_8)
FNDA:0,(anonymous_9)
FNDA:0,(anonymous_10)
FNDA:0,(anonymous_11)
FNDA:0,(anonymous_12)
FNDA:0,(anonymous_13)
FNDA:0,(anonymous_14)
FNDA:0,(anonymous_15)
FNDA:0,(anonymous_16)
FNDA:35,AdminView
FNDA:9,(anonymous_18)
FNDA:9,(anonymous_19)
FNDA:18,(anonymous_20)
FNDA:0,(anonymous_21)
FNDA:0,(anonymous_22)
FNDA:0,(anonymous_23)
FNDA:0,(anonymous_24)
FNDA:0,(anonymous_25)
FNDA:0,(anonymous_26)
FNDA:0,(anonymous_27)
FNDA:0,(anonymous_28)
FNDA:0,(anonymous_29)
FNDA:0,(anonymous_30)
FNDA:0,(anonymous_31)
FNDA:0,(anonymous_32)
FNDA:0,(anonymous_33)
FNDA:0,(anonymous_34)
FNDA:0,(anonymous_35)
FNDA:0,(anonymous_36)
FNDA:0,(anonymous_37)
FNDA:0,(anonymous_38)
FNDA:0,(anonymous_39)
FNDA:0,(anonymous_40)
FNDA:0,(anonymous_41)
FNDA:0,(anonymous_42)
FNDA:0,(anonymous_43)
FNDA:0,(anonymous_44)
FNDA:0,(anonymous_45)
FNDA:0,(anonymous_46)
FNDA:245,(anonymous_47)
FNDA:9,(anonymous_48)
FNDA:0,(anonymous_49)
FNDA:0,(anonymous_50)
FNDA:0,(anonymous_51)
FNDA:0,(anonymous_52)
FNDA:0,(anonymous_53)
FNDA:0,(anonymous_54)
FNDA:0,(anonymous_55)
FNDA:0,(anonymous_56)
FNDA:0,(anonymous_57)
FNDA:0,(anonymous_58)
FNDA:0,(anonymous_59)
FNDA:0,(anonymous_60)
FNDA:9,Overview
FNDA:36,(anonymous_62)
FNDA:0,UserTable
FNDA:0,(anonymous_64)
FNDA:0,(anonymous_65)
FNDA:0,(anonymous_66)
FNDA:0,ProductForm
FNDA:0,(anonymous_68)
FNDA:0,(anonymous_69)
FNDA:0,(anonymous_70)
FNDA:0,(anonymous_71)
FNDA:0,(anonymous_72)
FNDA:0,(anonymous_73)
FNDA:0,(anonymous_74)
FNDA:0,(anonymous_75)
FNDA:0,(anonymous_76)
FNDA:0,(anonymous_77)
FNDA:0,(anonymous_78)
FNDA:0,(anonymous_79)
FNDA:0,(anonymous_80)
FNDA:0,(anonymous_81)
FNDA:0,(anonymous_82)
FNDA:0,(anonymous_83)
FNDA:0,(anonymous_84)
FNDA:0,(anonymous_85)
FNDA:0,(anonymous_86)
FNDA:0,(anonymous_87)
FNDA:0,(anonymous_88)
FNDA:0,(anonymous_89)
FNDA:0,(anonymous_90)
FNDA:0,ProductTable
FNDA:0,(anonymous_92)
FNDA:0,(anonymous_93)
FNDA:0,(anonymous_94)
FNDA:0,(anonymous_95)
FNDA:0,SalesPanel
FNDA:0,(anonymous_97)
FNDA:0,(anonymous_98)
FNDA:0,ProvidersPanel
FNDA:0,(anonymous_100)
FNDA:0,(anonymous_101)
FNDA:0,(anonymous_102)
FNDA:0,(anonymous_103)
FNDA:0,(anonymous_104)
FNDA:0,(anonymous_105)
FNDA:0,(anonymous_106)
FNDA:0,(anonymous_107)
FNDA:0,(anonymous_108)
FNDA:0,(anonymous_109)
FNDA:0,(anonymous_110)
FNDA:0,(anonymous_111)
FNDA:0,(anonymous_112)
FNDA:0,(anonymous_113)
FNDA:0,(anonymous_114)
FNDA:0,(anonymous_115)
FNDA:0,(anonymous_116)
FNDA:0,(anonymous_117)
FNDA:0,(anonymous_118)
FNDA:0,(anonymous_119)
FNDA:0,(anonymous_120)
FNDA:0,(anonymous_121)
FNDA:0,(anonymous_122)
FNDA:0,(anonymous_123)
FNDA:0,(anonymous_124)
FNDA:0,(anonymous_125)
FNDA:0,(anonymous_126)
FNDA:0,(anonymous_127)
FNDA:0,(anonymous_128)
FNDA:0,(anonymous_129)
FNDA:0,(anonymous_130)
FNDA:0,(anonymous_131)
FNDA:0,(anonymous_132)
FNDA:0,ReceiveModal
FNDA:0,(anonymous_134)
FNDA:0,(anonymous_135)
FNDA:0,(anonymous_136)
FNDA:0,(anonymous_137)
FNDA:0,(anonymous_138)
FNDA:0,(anonymous_139)
FNDA:0,(anonymous_140)
FNDA:0,(anonymous_141)
FNDA:0,(anonymous_142)
FNDA:0,(anonymous_143)
FNDA:0,(anonymous_144)
FNDA:0,(anonymous_145)
FNDA:0,(anonymous_146)
FNDA:23,OrdersPanel
FNDA:0,(anonymous_148)
FNDA:0,(anonymous_149)
FNDA:0,(anonymous_150)
FNDA:0,(anonymous_151)
FNDA:0,(anonymous_152)
FNDA:0,(anonymous_153)
FNDA:0,(anonymous_154)
FNDA:0,(anonymous_155)
FNDA:0,(anonymous_156)
FNDA:0,(anonymous_157)
FNDA:0,(anonymous_158)
FNDA:11,(anonymous_159)
FNDA:9,(anonymous_160)
FNDA:11,(anonymous_161)
FNDA:0,(anonymous_162)
FNDA:2,(anonymous_163)
FNDA:0,(anonymous_164)
FNDA:4,(anonymous_165)
FNDA:0,(anonymous_166)
FNDA:0,(anonymous_167)
FNDA:138,(anonymous_168)
FNDA:0,(anonymous_169)
FNDA:0,(anonymous_170)
FNDA:0,(anonymous_171)
FNDA:0,(anonymous_172)
FNDA:0,(anonymous_173)
FNDA:0,(anonymous_174)
FNDA:0,(anonymous_175)
FNDA:0,(anonymous_176)
FNDA:0,(anonymous_177)
FNDA:0,(anonymous_178)
FNDA:0,(anonymous_179)
FNDA:0,(anonymous_180)
FNDA:0,(anonymous_181)
FNDA:0,(anonymous_182)
FNDA:0,(anonymous_183)
FNDA:0,(anonymous_184)
FNDA:0,(anonymous_185)
FNDA:0,(anonymous_186)
FNDA:0,(anonymous_187)
FNDA:0,(anonymous_188)
FNDA:14,(anonymous_189)
FNDA:0,(anonymous_190)
FNDA:3,(anonymous_191)
FNDA:1,(anonymous_192)
FNDA:0,(anonymous_193)
FNDA:0,(anonymous_194)
FNDA:0,(anonymous_195)
FNDA:0,(anonymous_196)
FNDA:0,(anonymous_197)
FNDA:0,(anonymous_198)
FNDA:0,(anonymous_199)
FNDA:0,(anonymous_200)
FNDA:0,SystemNodes
FNDA:0,(anonymous_202)
FNDA:0,(anonymous_203)
FNDA:0,(anonymous_204)
FNDA:0,(anonymous_205)
FNDA:0,(anonymous_206)
FNDA:0,(anonymous_207)
DA:7,1
DA:8,1
DA:9,1
DA:10,94
DA:12,50
DA:13,50
DA:14,1
DA:18,0
DA:19,0
DA:20,0
DA:21,0
DA:24,35
DA:25,35
DA:26,35
DA:27,35
DA:28,35
DA:29,35
DA:30,35
DA:31,35
DA:32,35
DA:33,35
DA:34,35
DA:35,35
DA:36,35
DA:37,35
DA:38,35
DA:39,35
DA:40,35
DA:41,35
DA:42,35
DA:43,35
DA:44,245
DA:46,36
DA:47,0
DA:49,0
DA:50,0
DA:51,0
DA:52,1
DA:54,0
DA:55,0
DA:56,0
DA:57,0
DA:58,0
DA:59,0
DA:60,0
DA:61,0
DA:62,0
DA:64,0
DA:65,0
DA:66,0
DA:67,0
DA:70,0
DA:71,0
DA:72,0
DA:73,0
DA:74,0
DA:75,0
DA:76,0
DA:77,0
DA:78,0
DA:79,0
DA:80,0
DA:81,0
DA:82,0
DA:83,0
DA:84,0
DA:85,0
DA:87,0
DA:88,0
DA:89,0
DA:90,0
DA:91,0
DA:93,0
DA:96,23
DA:97,23
DA:98,23
DA:99,23
DA:100,23
DA:101,23
DA:102,23
DA:103,11
DA:104,11
DA:105,11
DA:107,23
DA:108,23
DA:109,23
DA:110,23
DA:111,23
DA:112,138
DA:118,0
DA:119,0
DA:120,0
DA:121,0
DA:122,0
LF:94
LH:46
BRDA:10,0,0,94
BRDA:10,0,1,0
BRDA:12,1,0,18
BRDA:12,1,1,1
BRDA:13,2,0,49
BRDA:13,2,1,1
BRDA:21,3,0,0
BRDA:21,3,1,0
BRDA:21,4,0,0
BRDA:21,4,1,0
BRDA:27,5,0,0
BRDA:27,5,1,0
BRDA:27,6,0,0
BRDA:27,6,1,0
BRDA:30,7,0,0
BRDA:30,7,1,0
BRDA:30,8,0,0
BRDA:30,8,1,0
BRDA:30,9,0,0
BRDA:30,9,1,0
BRDA:30,10,0,0
BRDA:30,10,1,0
BRDA:30,11,0,0
BRDA:30,11,1,0
BRDA:31,12,0,0
BRDA:31,12,1,0
BRDA:31,13,0,0
BRDA:31,13,1,0
BRDA:31,14,0,0
BRDA:31,14,1,0
BRDA:31,15,0,0
BRDA:31,15,1,0
BRDA:31,16,0,0
BRDA:31,16,1,0
BRDA:32,17,0,0
BRDA:32,17,1,0
BRDA:32,18,0,0
BRDA:32,18,1,0
BRDA:32,19,0,0
BRDA:32,19,1,0
BRDA:33,20,0,0
BRDA:33,20,1,0
BRDA:33,21,0,0
BRDA:33,21,1,0
BRDA:33,22,0,0
BRDA:33,22,1,0
BRDA:33,23,0,0
BRDA:33,23,1,0
BRDA:33,24,0,0
BRDA:33,24,1,0
BRDA:33,25,0,0
BRDA:33,25,1,0
BRDA:35,26,0,0
BRDA:35,26,1,0
BRDA:35,27,0,0
BRDA:35,27,1,0
BRDA:35,28,0,0
BRDA:35,28,1,0
BRDA:35,29,0,0
BRDA:35,29,1,0
BRDA:35,30,0,0
BRDA:35,30,1,0
BRDA:35,31,0,0
BRDA:35,31,1,0
BRDA:35,32,0,0
BRDA:35,32,1,0
BRDA:35,33,0,0
BRDA:35,33,1,0
BRDA:35,34,0,0
BRDA:35,34,1,0
BRDA:35,35,0,0
BRDA:35,35,1,0
BRDA:35,36,0,0
BRDA:35,36,1,0
BRDA:35,37,0,0
BRDA:35,37,1,0
BRDA:35,38,0,0
BRDA:35,38,1,0
BRDA:36,39,0,0
BRDA:36,39,1,0
BRDA:36,40,0,0
BRDA:36,40,1,0
BRDA:37,41,0,0
BRDA:37,41,1,0
BRDA:37,42,0,0
BRDA:37,42,1,0
BRDA:38,43,0,0
BRDA:38,43,1,0
BRDA:39,44,0,0
BRDA:39,44,1,0
BRDA:39,45,0,0
BRDA:39,45,1,0
BRDA:40,46,0,0
BRDA:40,46,1,0
BRDA:40,47,0,0
BRDA:40,47,1,0
BRDA:40,48,0,0
BRDA:40,48,1,0
BRDA:40,49,0,0
BRDA:40,49,1,0
BRDA:40,50,0,0
BRDA:40,50,1,0
BRDA:40,51,0,0
BRDA:40,51,1,0
BRDA:40,52,0,0
BRDA:40,52,1,0
BRDA:41,53,0,0
BRDA:41,53,1,0
BRDA:41,54,0,0
BRDA:41,54,1,0
BRDA:41,55,0,0
BRDA:41,55,1,0
BRDA:42,56,0,0
BRDA:42,56,1,0
BRDA:44,57,0,35
BRDA:44,57,1,210
BRDA:44,58,0,35
BRDA:44,58,1,0
BRDA:44,59,0,9
BRDA:44,59,1,26
BRDA:44,60,0,17
BRDA:44,60,1,9
BRDA:44,61,0,0
BRDA:44,61,1,9
BRDA:44,62,0,0
BRDA:44,62,1,0
BRDA:44,63,0,0
BRDA:44,63,1,0
BRDA:44,64,0,0
BRDA:44,64,1,0
BRDA:44,65,0,0
BRDA:44,65,1,0
BRDA:44,66,0,0
BRDA:44,66,1,0
BRDA:44,67,0,0
BRDA:44,67,1,0
BRDA:44,68,0,0
BRDA:44,68,1,0
BRDA:44,69,0,0
BRDA:44,69,1,0
BRDA:44,70,0,0
BRDA:44,70,1,9
BRDA:44,71,0,0
BRDA:44,71,1,0
BRDA:44,72,0,0
BRDA:44,72,1,0
BRDA:44,73,0,0
BRDA:44,73,1,0
BRDA:44,74,0,0
BRDA:44,74,1,9
BRDA:44,75,0,0
BRDA:44,75,1,9
BRDA:44,76,0,9
BRDA:44,76,1,0
BRDA:47,77,0,0
BRDA:47,77,1,0
BRDA:47,78,0,0
BRDA:47,78,1,0
BRDA:47,79,0,0
BRDA:47,79,1,0
BRDA:47,80,0,0
BRDA:47,80,1,0
BRDA:47,81,0,0
BRDA:47,81,1,0
BRDA:47,82,0,0
BRDA:47,82,1,0
BRDA:49,83,0,0
BRDA:49,83,1,0
BRDA:49,84,0,0
BRDA:49,84,1,0
BRDA:49,85,0,0
BRDA:49,85,1,0
BRDA:49,86,0,0
BRDA:49,86,1,0
BRDA:49,87,0,0
BRDA:49,87,1,0
BRDA:49,88,0,0
BRDA:49,88,1,0
BRDA:49,89,0,0
BRDA:49,89,1,0
BRDA:49,90,0,0
BRDA:49,90,1,0
BRDA:49,91,0,0
BRDA:49,91,1,0
BRDA:49,92,0,0
BRDA:49,92,1,0
BRDA:49,93,0,0
BRDA:49,93,1,0
BRDA:49,94,0,0
BRDA:49,94,1,0
BRDA:49,95,0,0
BRDA:49,95,1,0
BRDA:49,96,0,0
BRDA:49,96,1,0
BRDA:49,97,0,0
BRDA:49,97,1,0
BRDA:49,98,0,0
BRDA:49,98,1,0
BRDA:50,99,0,0
BRDA:50,99,1,0
BRDA:50,100,0,0
BRDA:50,100,1,0
BRDA:50,101,0,0
BRDA:50,101,1,0
BRDA:50,102,0,0
BRDA:50,102,1,0
BRDA:50,103,0,0
BRDA:50,103,1,0
BRDA:50,104,0,0
BRDA:50,104,1,0
BRDA:50,105,0,0
BRDA:50,105,1,0
BRDA:50,105,2,0
BRDA:50,106,0,0
BRDA:50,106,1,0
BRDA:50,107,0,0
BRDA:50,107,1,0
BRDA:51,108,0,0
BRDA:51,108,1,0
BRDA:51,109,0,0
BRDA:51,109,1,0
BRDA:51,110,0,0
BRDA:51,110,1,0
BRDA:51,111,0,0
BRDA:51,111,1,0
BRDA:51,112,0,0
BRDA:51,112,1,0
BRDA:56,113,0,0
BRDA:56,113,1,0
BRDA:58,114,0,0
BRDA:58,114,1,0
BRDA:58,115,0,0
BRDA:58,115,1,0
BRDA:58,116,0,0
BRDA:58,116,1,0
BRDA:58,117,0,0
BRDA:58,117,1,0
BRDA:58,118,0,0
BRDA:58,118,1,0
BRDA:58,119,0,0
BRDA:58,119,1,0
BRDA:60,120,0,0
BRDA:60,120,1,0
BRDA:60,121,0,0
BRDA:60,121,1,0
BRDA:65,122,0,0
BRDA:65,122,1,0
BRDA:65,123,0,0
BRDA:65,123,1,0
BRDA:65,124,0,0
BRDA:65,124,1,0
BRDA:65,125,0,0
BRDA:65,125,1,0
BRDA:66,126,0,0
BRDA:66,126,1,0
BRDA:66,127,0,0
BRDA:66,127,1,0
BRDA:66,128,0,0
BRDA:66,128,1,0
BRDA:66,129,0,0
BRDA:66,129,1,0
BRDA:66,130,0,0
BRDA:66,130,1,0
BRDA:66,131,0,0
BRDA:66,131,1,0
BRDA:66,132,0,0
BRDA:66,132,1,0
BRDA:67,133,0,0
BRDA:67,133,1,0
BRDA:67,134,0,0
BRDA:67,134,1,0
BRDA:67,135,0,0
BRDA:67,135,1,0
BRDA:67,136,0,0
BRDA:67,136,1,0
BRDA:67,137,0,0
BRDA:67,137,1,0
BRDA:67,137,2,0
BRDA:67,137,3,0
BRDA:67,137,4,0
BRDA:67,138,0,0
BRDA:67,138,1,0
BRDA:67,138,2,0
BRDA:67,138,3,0
BRDA:67,138,4,0
BRDA:67,139,0,0
BRDA:67,139,1,0
BRDA:67,140,0,0
BRDA:67,140,1,0
BRDA:67,141,0,0
BRDA:67,141,1,0
BRDA:67,142,0,0
BRDA:67,142,1,0
BRDA:67,143,0,0
BRDA:67,143,1,0
BRDA:67,144,0,0
BRDA:67,144,1,0
BRDA:67,145,0,0
BRDA:67,145,1,0
BRDA:67,146,0,0
BRDA:67,146,1,0
BRDA:67,147,0,0
BRDA:67,147,1,0
BRDA:67,148,0,0
BRDA:67,148,1,0
BRDA:74,149,0,0
BRDA:74,149,1,0
BRDA:74,150,0,0
BRDA:74,150,1,0
BRDA:80,151,0,0
BRDA:80,151,1,0
BRDA:81,152,0,0
BRDA:81,152,1,0
BRDA:83,153,0,0
BRDA:83,153,1,0
BRDA:84,154,0,0
BRDA:84,154,1,0
BRDA:84,155,0,0
BRDA:84,155,1,0
BRDA:85,156,0,0
BRDA:85,156,1,0
BRDA:87,157,0,0
BRDA:87,157,1,0
BRDA:90,158,0,0
BRDA:90,158,1,0
BRDA:93,159,0,0
BRDA:93,159,1,0
BRDA:93,160,0,0
BRDA:93,160,1,0
BRDA:93,161,0,0
BRDA:93,161,1,0
BRDA:93,162,0,0
BRDA:93,162,1,0
BRDA:93,163,0,0
BRDA:93,163,1,0
BRDA:93,164,0,0
BRDA:93,164,1,0
BRDA:93,165,0,0
BRDA:93,165,1,0
BRDA:93,166,0,0
BRDA:93,166,1,0
BRDA:99,167,0,0
BRDA:99,167,1,0
BRDA:99,168,0,0
BRDA:99,168,1,0
BRDA:100,169,0,0
BRDA:100,169,1,0
BRDA:100,170,0,0
BRDA:100,170,1,0
BRDA:100,171,0,0
BRDA:100,171,1,0
BRDA:100,172,0,0
BRDA:100,172,1,0
BRDA:101,173,0,0
BRDA:101,173,1,0
BRDA:101,174,0,0
BRDA:101,174,1,0
BRDA:101,175,0,0
BRDA:101,175,1,0
BRDA:101,176,0,0
BRDA:101,176,1,0
BRDA:103,177,0,0
BRDA:103,177,1,11
BRDA:108,178,0,9
BRDA:108,178,1,2
BRDA:109,179,0,0
BRDA:109,179,1,0
BRDA:109,180,0,0
BRDA:109,180,1,0
BRDA:109,181,0,0
BRDA:109,181,1,0
BRDA:110,182,0,1
BRDA:110,182,1,3
BRDA:110,183,0,3
BRDA:110,183,1,1
BRDA:110,184,0,1
BRDA:110,184,1,1
BRDA:110,185,0,1
BRDA:110,185,1,0
BRDA:112,186,0,23
BRDA:112,186,1,4
BRDA:112,187,0,23
BRDA:112,187,1,115
BRDA:112,188,0,0
BRDA:112,188,1,0
BRDA:112,189,0,23
BRDA:112,189,1,0
BRDA:112,190,0,0
BRDA:112,190,1,0
BRDA:112,191,0,0
BRDA:112,191,1,0
BRDA:112,192,0,0
BRDA:112,192,1,0
BRDA:112,193,0,0
BRDA:112,193,1,0
BRDA:112,194,0,0
BRDA:112,194,1,0
BRDA:112,195,0,0
BRDA:112,195,1,0
BRDA:112,196,0,0
BRDA:112,196,1,0
BRDA:112,197,0,0
BRDA:112,197,1,0
BRDA:112,198,0,0
BRDA:112,198,1,0
BRDA:112,199,0,0
BRDA:112,199,1,0
BRDA:112,200,0,0
BRDA:112,200,1,0
BRDA:112,201,0,14
BRDA:112,201,1,0
BRDA:112,202,0,14
BRDA:112,202,1,0
BRDA:112,203,0,14
BRDA:112,203,1,14
BRDA:112,203,2,14
BRDA:112,204,0,14
BRDA:112,204,1,14
BRDA:112,205,0,1
BRDA:112,205,1,13
BRDA:112,206,0,14
BRDA:112,206,1,0
BRDA:112,207,0,14
BRDA:112,207,1,8
BRDA:112,208,0,14
BRDA:112,208,1,10
BRDA:112,209,0,14
BRDA:112,209,1,3
BRDA:112,210,0,23
BRDA:112,210,1,9
BRDA:112,211,0,23
BRDA:112,211,1,0
BRDA:112,212,0,23
BRDA:112,212,1,0
BRDA:112,213,0,23
BRDA:112,213,1,0
BRDA:119,214,0,0
BRDA:119,214,1,0
BRDA:119,215,0,0
BRDA:119,215,1,0
BRDA:119,216,0,0
BRDA:119,216,1,0
BRDA:122,217,0,0
BRDA:122,217,1,0
BRDA:122,218,0,0
BRDA:122,218,1,0
BRDA:122,219,0,0
BRDA:122,219,1,0
BRDA:122,220,0,0
BRDA:122,220,1,0
BRDA:122,221,0,0
BRDA:122,221,1,0
BRDA:122,222,0,0
BRDA:122,222,1,0
BRDA:122,223,0,0
BRDA:122,223,1,0
BRDA:122,224,0,0
BRDA:122,224,1,0
BRDA:122,225,0,0
BRDA:122,225,1,0
BRDA:122,226,0,0
BRDA:122,226,1,0
BRDA:122,227,0,0
BRDA:122,227,1,0
BRDA:122,228,0,0
BRDA:122,228,1,0
BRDA:122,229,0,0
BRDA:122,229,1,0
BRDA:122,230,0,0
BRDA:122,230,1,0
BRDA:122,231,0,0
BRDA:122,231,1,0
BRDA:122,232,0,0
BRDA:122,232,1,0
BRDA:122,233,0,0
BRDA:122,233,1,0
BRDA:122,234,0,0
BRDA:122,234,1,0
BRDA:122,235,0,0
BRDA:122,235,1,0
BRDA:122,236,0,0
BRDA:122,236,1,0
BRDA:122,236,2,0
BRF:483
BRH:53
end_of_record
TN:
SF:src/views/CartView.tsx
FN:8,CartView
FN:10,(anonymous_1)
FN:10,(anonymous_2)
FN:10,(anonymous_3)
FN:10,(anonymous_4)
FN:10,(anonymous_5)
FN:10,(anonymous_6)
FN:11,(anonymous_7)
FN:11,(anonymous_8)
FN:11,(anonymous_9)
FN:11,(anonymous_10)
FN:11,(anonymous_11)
FN:11,(anonymous_12)
FN:11,(anonymous_13)
FN:11,(anonymous_14)
FN:11,(anonymous_15)
FN:11,(anonymous_16)
FN:12,(anonymous_17)
FN:12,(anonymous_18)
FN:13,(anonymous_19)
FN:13,(anonymous_20)
FN:13,(anonymous_21)
FN:14,(anonymous_22)
FN:14,(anonymous_23)
FN:14,(anonymous_24)
FN:15,(anonymous_25)
FN:15,(anonymous_26)
FN:15,(anonymous_27)
FN:16,(anonymous_28)
FN:16,(anonymous_29)
FN:16,(anonymous_30)
FN:16,(anonymous_31)
FN:16,(anonymous_32)
FN:16,(anonymous_33)
FNF:34
FNH:22
FNDA:34,CartView
FNDA:8,(anonymous_1)
FNDA:8,(anonymous_2)
FNDA:0,(anonymous_3)
FNDA:8,(anonymous_4)
FNDA:0,(anonymous_5)
FNDA:0,(anonymous_6)
FNDA:34,(anonymous_7)
FNDA:0,(anonymous_8)
FNDA:0,(anonymous_9)
FNDA:0,(anonymous_10)
FNDA:0,(anonymous_11)
FNDA:0,(anonymous_12)
FNDA:0,(anonymous_13)
FNDA:0,(anonymous_14)
FNDA:0,(anonymous_15)
FNDA:26,(anonymous_16)
FNDA:28,(anonymous_17)
FNDA:19,(anonymous_18)
FNDA:8,(anonymous_19)
FNDA:8,(anonymous_20)
FNDA:8,(anonymous_21)
FNDA:4,(anonymous_22)
FNDA:3,(anonymous_23)
FNDA:3,(anonymous_24)
FNDA:2,(anonymous_25)
FNDA:1,(anonymous_26)
FNDA:1,(anonymous_27)
FNDA:19,(anonymous_28)
FNDA:2,(anonymous_29)
FNDA:1,(anonymous_30)
FNDA:0,(anonymous_31)
FNDA:3,(anonymous_32)
FNDA:19,(anonymous_33)
DA:9,34
DA:10,34
DA:11,34
DA:12,34
DA:13,34
DA:14,34
DA:15,34
DA:16,34
LF:8
LH:8
BRDA:10,0,0,0
BRDA:10,0,1,8
BRDA:10,1,0,0
BRDA:10,1,1,0
BRDA:11,2,0,8
BRDA:11,2,1,26
BRDA:11,3,0,0
BRDA:11,3,1,0
BRDA:11,4,0,0
BRDA:11,4,1,0
BRDA:13,5,0,8
BRDA:13,5,1,0
BRDA:14,6,0,4
BRDA:14,6,1,1
BRDA:14,7,0,3
BRDA:14,7,1,0
BRDA:14,8,0,1
BRDA:14,8,1,0
BRDA:15,9,0,1
BRDA:15,9,1,0
BRDA:16,10,0,14
BRDA:16,10,1,20
BRDA:16,11,0,0
BRDA:16,11,1,20
BRDA:16,12,0,20
BRDA:16,12,1,2
BRDA:16,13,0,18
BRDA:16,13,1,2
BRDA:16,14,0,6
BRDA:16,14,1,13
BRDA:16,15,0,34
BRDA:16,15,1,2
BRDA:16,15,2,2
BRF:33
BRH:21
end_of_record
TN:
SF:src/views/CheckoutView.tsx
FN:7,CheckoutView
FN:7,(anonymous_1)
FN:7,(anonymous_2)
FN:7,(anonymous_3)
FN:7,(anonymous_4)
FN:7,(anonymous_5)
FN:7,(anonymous_6)
FN:7,(anonymous_7)
FN:7,(anonymous_8)
FN:7,(anonymous_9)
FN:7,(anonymous_10)
FNF:11
FNH:6
FNDA:4,CheckoutView
FNDA:2,(anonymous_1)
FNDA:2,(anonymous_2)
FNDA:0,(anonymous_3)
FNDA:4,(anonymous_4)
FNDA:2,(anonymous_5)
FNDA:0,(anonymous_6)
FNDA:0,(anonymous_7)
FNDA:0,(anonymous_8)
FNDA:0,(anonymous_9)
FNDA:2,(anonymous_10)
DA:7,4
LF:1
LH:1
BRDA:7,0,0,2
BRDA:7,0,1,0
BRDA:7,1,0,0
BRDA:7,1,1,2
BRDA:7,2,0,0
BRDA:7,2,1,0
BRDA:7,3,0,2
BRDA:7,3,1,2
BRDA:7,4,0,0
BRDA:7,4,1,0
BRDA:7,5,0,0
BRDA:7,5,1,0
BRDA:7,5,2,0
BRDA:7,6,0,2
BRDA:7,6,1,2
BRDA:7,7,0,0
BRDA:7,7,1,0
BRDA:7,8,0,2
BRDA:7,8,1,2
BRDA:7,9,0,4
BRDA:7,9,1,0
BRF:21
BRH:9
end_of_record
