TN:
SF:src\App.tsx
FN:17,AdminRoute
FN:22,App
FN:26,(anonymous_2)
FN:26,(anonymous_3)
FN:27,(anonymous_4)
FN:28,(anonymous_5)
FN:33,(anonymous_6)
FN:38,(anonymous_7)
FN:44,(anonymous_8)
FN:52,(anonymous_9)
FN:54,(anonymous_10)
FN:57,(anonymous_11)
FN:59,(anonymous_12)
FN:71,(anonymous_13)
FNF:14
FNH:0
FNDA:0,AdminRoute
FNDA:0,App
FNDA:0,(anonymous_2)
FNDA:0,(anonymous_3)
FNDA:0,(anonymous_4)
FNDA:0,(anonymous_5)
FNDA:0,(anonymous_6)
FNDA:0,(anonymous_7)
FNDA:0,(anonymous_8)
FNDA:0,(anonymous_9)
FNDA:0,(anonymous_10)
FNDA:0,(anonymous_11)
FNDA:0,(anonymous_12)
FNDA:0,(anonymous_13)
DA:18,0
DA:19,0
DA:23,0
DA:24,0
DA:25,0
DA:26,0
DA:27,0
DA:28,0
DA:29,0
DA:30,0
DA:31,0
DA:32,0
DA:33,0
DA:34,0
DA:35,0
DA:36,0
DA:38,0
DA:39,0
DA:40,0
DA:41,0
DA:42,0
DA:44,0
DA:45,0
DA:46,0
DA:47,0
DA:48,0
DA:49,0
DA:52,0
DA:53,0
DA:54,0
DA:55,0
DA:56,0
DA:57,0
DA:58,0
DA:59,0
DA:60,0
DA:63,0
DA:71,0
LF:38
LH:0
BRDA:19,0,0,0
BRDA:19,0,1,0
BRDA:26,1,0,0
BRDA:26,1,1,0
BRDA:29,2,0,0
BRDA:29,2,1,0
BRDA:41,3,0,0
BRDA:41,3,1,0
BRDA:46,4,0,0
BRDA:46,4,1,0
BRDA:63,5,0,0
BRDA:63,5,1,0
BRDA:66,6,0,0
BRDA:66,6,1,0
BRDA:67,7,0,0
BRDA:67,7,1,0
BRDA:67,8,0,0
BRDA:67,8,1,0
BRDA:67,9,0,0
BRDA:67,9,1,0
BRDA:67,10,0,0
BRDA:67,10,1,0
BRDA:67,10,2,0
BRF:23
BRH:0
end_of_record
TN:
SF:src\services\api.ts
FN:17,constructor
FN:29,unwrapEnvelope
FN:39,renewAccessToken
FN:42,(anonymous_3)
FN:49,(anonymous_4)
FN:54,requestHeaders
FN:63,addUserHeaders
FN:74,fetchResponse
FN:82,refreshUnauthorized
FN:95,parseBody
FN:100,responseError
FN:105,api
FNF:12
FNH:12
FNDA:6,constructor
FNDA:5,unwrapEnvelope
FNDA:3,renewAccessToken
FNDA:2,(anonymous_3)
FNDA:2,(anonymous_4)
FNDA:8,requestHeaders
FNDA:8,addUserHeaders
FNDA:8,fetchResponse
FNDA:7,refreshUnauthorized
FNDA:7,parseBody
FNDA:3,responseError
FNDA:8,api
DA:17,6
DA:18,6
DA:30,5
DA:32,1
DA:34,4
DA:37,1
DA:40,3
DA:41,2
DA:43,2
DA:44,1
DA:45,1
DA:46,1
DA:47,1
DA:49,2
DA:51,3
DA:55,8
DA:56,8
DA:57,8
DA:58,8
DA:59,8
DA:60,8
DA:64,8
DA:65,8
DA:67,8
DA:68,4
DA:69,4
DA:71,8
DA:75,8
DA:76,8
DA:78,1
DA:83,7
DA:84,3
DA:85,3
DA:86,2
DA:87,2
DA:89,1
DA:92,7
DA:96,7
DA:97,6
DA:101,3
DA:102,3
DA:106,8
DA:107,8
DA:108,7
DA:109,7
DA:110,7
DA:111,7
DA:112,4
LF:48
LH:48
BRDA:30,0,0,1
BRDA:30,0,1,4
BRDA:30,1,0,5
BRDA:30,1,1,4
BRDA:30,1,2,4
BRDA:30,1,3,1
BRDA:30,1,4,1
BRDA:30,1,5,1
BRDA:40,2,0,2
BRDA:40,2,1,1
BRDA:43,3,0,1
BRDA:43,3,1,1
BRDA:45,4,0,0
BRDA:45,4,1,1
BRDA:58,5,0,1
BRDA:58,5,1,7
BRDA:58,6,0,8
BRDA:58,6,1,2
BRDA:59,7,0,4
BRDA:59,7,1,4
BRDA:59,8,0,8
BRDA:59,8,1,4
BRDA:65,9,0,8
BRDA:65,9,1,7
BRDA:67,10,0,4
BRDA:67,10,1,4
BRDA:71,11,0,1
BRDA:71,11,1,7
BRDA:83,12,0,3
BRDA:83,12,1,4
BRDA:83,13,0,7
BRDA:83,13,1,4
BRDA:83,13,2,3
BRDA:96,14,0,1
BRDA:96,14,1,6
BRDA:102,15,0,3
BRDA:102,15,1,2
BRDA:102,15,2,1
BRDA:102,16,0,1
BRDA:102,16,1,0
BRDA:105,17,0,8
BRDA:109,18,0,2
BRDA:109,18,1,5
BRDA:111,19,0,3
BRDA:111,19,1,4
BRF:45
BRH:43
end_of_record
TN:
SF:src\services\cart.ts
FN:10,deviceId
FN:11,tick
FN:12,metadata
FN:13,observe
FN:15,currentCart
FN:22,cartLines
FN:27,addToCart
FN:35,updateCartLine
FN:42,removeCartLine
FNF:9
FNH:0
FNDA:0,deviceId
FNDA:0,tick
FNDA:0,metadata
FNDA:0,observe
FNDA:0,currentCart
FNDA:0,cartLines
FNDA:0,addToCart
FNDA:0,updateCartLine
FNDA:0,removeCartLine
DA:8,0
DA:9,0
DA:10,0
DA:11,0
DA:12,0
DA:13,0
DA:16,0
DA:17,0
DA:18,0
DA:19,0
DA:23,0
DA:24,0
DA:28,0
DA:29,0
DA:36,0
DA:43,0
LF:16
LH:0
BRDA:10,0,0,0
BRDA:10,0,1,0
BRDA:11,1,0,0
BRDA:11,2,0,0
BRDA:11,2,1,0
BRDA:17,3,0,0
BRDA:17,3,1,0
BRDA:18,4,0,0
BRDA:18,4,1,0
BRDA:27,5,0,0
BRF:10
BRH:0
end_of_record
TN:
SF:src\services\session.ts
FN:19,(anonymous_0)
FN:22,getUser
FN:36,saveSession
FN:43,saveToken
FN:50,clearSession
FN:51,(anonymous_5)
FN:55,(anonymous_6)
FN:64,markSessionActivity
FN:68,lastSessionActivity
FN:72,token
FN:76,isAdmin
FNF:11
FNH:9
FNDA:8,(anonymous_0)
FNDA:9,getUser
FNDA:3,saveSession
FNDA:4,saveToken
FNDA:3,clearSession
FNDA:12,(anonymous_5)
FNDA:15,(anonymous_6)
FNDA:3,markSessionActivity
FNDA:0,lastSessionActivity
FNDA:10,token
FNDA:0,isAdmin
DA:12,1
DA:13,1
DA:14,1
DA:15,1
DA:19,8
DA:20,1
DA:23,9
DA:24,24
DA:25,24
DA:26,4
DA:27,4
DA:28,4
DA:30,0
DA:33,5
DA:37,3
DA:38,3
DA:39,3
DA:40,3
DA:44,4
DA:45,4
DA:46,4
DA:47,4
DA:51,3
DA:52,12
DA:53,12
DA:55,3
DA:56,15
DA:57,15
DA:59,3
DA:60,3
DA:61,3
DA:65,3
DA:69,0
DA:73,10
DA:77,0
DA:78,0
LF:36
LH:32
BRDA:25,0,0,20
BRDA:25,0,1,4
BRDA:28,1,0,4
BRDA:28,1,1,4
BRDA:28,1,2,4
BRDA:39,2,0,3
BRDA:39,2,1,0
BRDA:69,3,0,0
BRDA:69,3,1,0
BRDA:73,4,0,10
BRDA:73,4,1,5
BRDA:73,4,2,5
BRDA:77,5,0,0
BRDA:77,5,1,0
BRDA:78,6,0,0
BRDA:78,6,1,0
BRDA:78,7,0,0
BRDA:78,7,1,0
BRDA:78,7,2,0
BRDA:79,8,0,0
BRDA:79,8,1,0
BRDA:79,8,2,0
BRF:22
BRH:9
end_of_record
TN:
SF:src\views\AccountView.tsx
FN:6,AccountView
FN:6,(anonymous_1)
FN:6,(anonymous_2)
FN:6,(anonymous_3)
FN:6,(anonymous_4)
FN:6,(anonymous_5)
FN:6,(anonymous_6)
FN:6,(anonymous_7)
FN:6,(anonymous_8)
FN:7,(anonymous_9)
FNF:10
FNH:9
FNDA:71,AccountView
FNDA:4,(anonymous_1)
FNDA:4,(anonymous_2)
FNDA:0,(anonymous_3)
FNDA:2,(anonymous_4)
FNDA:198,(anonymous_5)
FNDA:60,(anonymous_6)
FNDA:60,(anonymous_7)
FNDA:66,(anonymous_8)
FNDA:65,(anonymous_9)
DA:6,198
DA:7,71
LF:2
LH:2
BRDA:6,0,0,4
BRDA:6,0,1,0
BRDA:6,1,0,0
BRDA:6,1,1,4
BRDA:6,2,0,4
BRDA:6,2,1,4
BRDA:6,3,0,0
BRDA:6,3,1,0
BRDA:6,4,0,1
BRDA:6,4,1,1
BRDA:6,5,0,0
BRDA:6,5,1,0
BRDA:6,6,0,66
BRDA:6,6,1,132
BRDA:6,7,0,66
BRDA:6,7,1,0
BRDA:6,8,0,66
BRDA:6,8,1,0
BRDA:6,9,0,66
BRDA:6,9,1,0
BRDA:6,10,0,66
BRDA:6,10,1,0
BRDA:6,11,0,66
BRDA:6,11,1,0
BRDA:6,12,0,66
BRDA:6,12,1,0
BRDA:7,13,0,5
BRDA:7,13,1,66
BRDA:7,14,0,0
BRDA:7,14,1,66
BRDA:7,15,0,66
BRDA:7,15,1,1
BRDA:7,16,0,65
BRDA:7,16,1,1
BRDA:7,17,0,65
BRDA:7,17,1,0
BRDA:7,18,0,65
BRDA:7,18,1,0
BRDA:7,19,0,65
BRDA:7,19,1,0
BRDA:7,20,0,66
BRDA:7,20,1,1
BRDA:7,21,0,66
BRDA:7,21,1,1
BRF:44
BRH:28
end_of_record
TN:
SF:src\views\AdminView.tsx
FN:10,(anonymous_0)
FN:11,ErrorModal
FN:12,(anonymous_2)
FN:12,(anonymous_3)
FN:14,(anonymous_4)
FN:17,PickerModal
FN:19,(anonymous_6)
FN:19,(anonymous_7)
FN:21,(anonymous_8)
FN:21,(anonymous_9)
FN:21,(anonymous_10)
FN:21,(anonymous_11)
FN:21,(anonymous_12)
FN:21,(anonymous_13)
FN:21,(anonymous_14)
FN:21,(anonymous_15)
FN:21,(anonymous_16)
FN:23,numericField
FN:24,productFormFromDetail
FN:27,AdminView
FN:29,(anonymous_20)
FN:30,(anonymous_21)
FN:31,(anonymous_22)
FN:31,(anonymous_23)
FN:31,(anonymous_24)
FN:32,(anonymous_25)
FN:32,(anonymous_26)
FN:32,(anonymous_27)
FN:32,(anonymous_28)
FN:32,(anonymous_29)
FN:33,(anonymous_30)
FN:34,(anonymous_31)
FN:35,(anonymous_32)
FN:36,(anonymous_33)
FN:37,(anonymous_34)
FN:38,(anonymous_35)
FN:39,(anonymous_36)
FN:40,(anonymous_37)
FN:41,(anonymous_38)
FN:42,(anonymous_39)
FN:42,(anonymous_40)
FN:42,(anonymous_41)
FN:43,(anonymous_42)
FN:43,(anonymous_43)
FN:44,(anonymous_44)
FN:44,(anonymous_45)
FN:44,(anonymous_46)
FN:45,(anonymous_47)
FN:46,(anonymous_48)
FN:48,(anonymous_49)
FN:49,(anonymous_50)
FN:49,(anonymous_51)
FN:49,(anonymous_52)
FN:49,(anonymous_53)
FN:49,(anonymous_54)
FN:49,(anonymous_55)
FN:49,(anonymous_56)
FN:49,(anonymous_57)
FN:49,(anonymous_58)
FN:49,(anonymous_59)
FN:50,(anonymous_60)
FN:50,(anonymous_61)
FN:51,(anonymous_62)
FN:51,(anonymous_63)
FN:51,(anonymous_64)
FN:51,(anonymous_65)
FN:53,Overview
FN:53,(anonymous_67)
FN:54,UserTable
FN:54,(anonymous_69)
FN:54,(anonymous_70)
FN:54,(anonymous_71)
FN:56,ProductForm
FN:56,(anonymous_73)
FN:56,(anonymous_74)
FN:56,(anonymous_75)
FN:56,(anonymous_76)
FN:56,(anonymous_77)
FN:56,(anonymous_78)
FN:56,(anonymous_79)
FN:56,(anonymous_80)
FN:56,(anonymous_81)
FN:56,(anonymous_82)
FN:56,(anonymous_83)
FN:56,(anonymous_84)
FN:56,(anonymous_85)
FN:56,(anonymous_86)
FN:56,(anonymous_87)
FN:56,(anonymous_88)
FN:56,(anonymous_89)
FN:56,(anonymous_90)
FN:56,(anonymous_91)
FN:56,(anonymous_92)
FN:56,(anonymous_93)
FN:56,(anonymous_94)
FN:56,(anonymous_95)
FN:57,ProductTable
FN:57,(anonymous_97)
FN:58,(anonymous_98)
FN:58,(anonymous_99)
FN:58,(anonymous_100)
FN:58,(anonymous_101)
FN:59,SalesPanel
FN:59,(anonymous_103)
FN:59,(anonymous_104)
FN:61,ProvidersPanel
FN:63,(anonymous_106)
FN:63,(anonymous_107)
FN:64,(anonymous_108)
FN:64,(anonymous_109)
FN:64,(anonymous_110)
FN:65,(anonymous_111)
FN:66,(anonymous_112)
FN:67,(anonymous_113)
FN:68,(anonymous_114)
FN:68,(anonymous_115)
FN:69,(anonymous_116)
FN:69,(anonymous_117)
FN:70,(anonymous_118)
FN:72,(anonymous_119)
FN:73,(anonymous_120)
FN:73,(anonymous_121)
FN:74,(anonymous_122)
FN:75,(anonymous_123)
FN:76,(anonymous_124)
FN:76,(anonymous_125)
FN:76,(anonymous_126)
FN:76,(anonymous_127)
FN:76,(anonymous_128)
FN:76,(anonymous_129)
FN:76,(anonymous_130)
FN:76,(anonymous_131)
FN:76,(anonymous_132)
FN:76,(anonymous_133)
FN:76,(anonymous_134)
FN:76,(anonymous_135)
FN:76,(anonymous_136)
FN:77,(anonymous_137)
FN:77,(anonymous_138)
FN:77,(anonymous_139)
FN:77,(anonymous_140)
FN:79,ReceiveModal
FN:82,(anonymous_142)
FN:82,(anonymous_143)
FN:83,(anonymous_144)
FN:83,(anonymous_145)
FN:84,(anonymous_146)
FN:84,(anonymous_147)
FN:85,(anonymous_148)
FN:103,(anonymous_149)
FN:103,(anonymous_150)
FN:103,(anonymous_151)
FN:103,(anonymous_152)
FN:103,(anonymous_153)
FN:103,(anonymous_154)
FN:105,OrdersPanel
FN:108,(anonymous_156)
FN:109,(anonymous_157)
FN:109,(anonymous_158)
FN:110,(anonymous_159)
FN:110,(anonymous_160)
FN:110,(anonymous_161)
FN:110,(anonymous_162)
FN:111,(anonymous_163)
FN:111,(anonymous_164)
FN:111,(anonymous_165)
FN:111,(anonymous_166)
FN:112,(anonymous_167)
FN:117,(anonymous_168)
FN:118,(anonymous_169)
FN:118,(anonymous_170)
FN:118,(anonymous_171)
FN:119,(anonymous_172)
FN:120,(anonymous_173)
FN:121,(anonymous_174)
FN:122,(anonymous_175)
FN:122,(anonymous_176)
FN:122,(anonymous_177)
FN:122,(anonymous_178)
FN:122,(anonymous_179)
FN:122,(anonymous_180)
FN:122,(anonymous_181)
FN:122,(anonymous_182)
FN:122,(anonymous_183)
FN:122,(anonymous_184)
FN:122,(anonymous_185)
FN:122,(anonymous_186)
FN:122,(anonymous_187)
FN:122,(anonymous_188)
FN:122,(anonymous_189)
FN:122,(anonymous_190)
FN:122,(anonymous_191)
FN:122,(anonymous_192)
FN:122,(anonymous_193)
FN:123,(anonymous_194)
FN:123,(anonymous_195)
FN:123,(anonymous_196)
FN:123,(anonymous_197)
FN:124,(anonymous_198)
FN:124,(anonymous_199)
FN:124,(anonymous_200)
FN:124,(anonymous_201)
FN:124,(anonymous_202)
FN:124,(anonymous_203)
FN:124,(anonymous_204)
FN:124,(anonymous_205)
FN:124,(anonymous_206)
FN:124,(anonymous_207)
FN:124,(anonymous_208)
FN:124,(anonymous_209)
FN:124,(anonymous_210)
FN:129,SystemNodes
FN:131,(anonymous_212)
FN:131,(anonymous_213)
FN:132,(anonymous_214)
FN:134,(anonymous_215)
FN:135,(anonymous_216)
FN:136,(anonymous_217)
FN:137,(anonymous_218)
FN:137,(anonymous_219)
FN:137,(anonymous_220)
FNF:221
FNH:55
FNDA:166,(anonymous_0)
FNDA:163,ErrorModal
FNDA:25,(anonymous_2)
FNDA:1,(anonymous_3)
FNDA:0,(anonymous_4)
FNDA:0,PickerModal
FNDA:0,(anonymous_6)
FNDA:0,(anonymous_7)
FNDA:0,(anonymous_8)
FNDA:0,(anonymous_9)
FNDA:0,(anonymous_10)
FNDA:0,(anonymous_11)
FNDA:0,(anonymous_12)
FNDA:0,(anonymous_13)
FNDA:0,(anonymous_14)
FNDA:0,(anonymous_15)
FNDA:0,(anonymous_16)
FNDA:0,numericField
FNDA:0,productFormFromDetail
FNDA:154,AdminView
FNDA:18,(anonymous_20)
FNDA:15,(anonymous_21)
FNDA:54,(anonymous_22)
FNDA:30,(anonymous_23)
FNDA:84,(anonymous_24)
FNDA:4,(anonymous_25)
FNDA:66,(anonymous_26)
FNDA:66,(anonymous_27)
FNDA:0,(anonymous_28)
FNDA:0,(anonymous_29)
FNDA:1,(anonymous_30)
FNDA:0,(anonymous_31)
FNDA:1,(anonymous_32)
FNDA:1,(anonymous_33)
FNDA:0,(anonymous_34)
FNDA:0,(anonymous_35)
FNDA:0,(anonymous_36)
FNDA:0,(anonymous_37)
FNDA:0,(anonymous_38)
FNDA:0,(anonymous_39)
FNDA:0,(anonymous_40)
FNDA:0,(anonymous_41)
FNDA:0,(anonymous_42)
FNDA:0,(anonymous_43)
FNDA:0,(anonymous_44)
FNDA:0,(anonymous_45)
FNDA:0,(anonymous_46)
FNDA:1,(anonymous_47)
FNDA:0,(anonymous_48)
FNDA:154,(anonymous_49)
FNDA:96,(anonymous_50)
FNDA:288,(anonymous_51)
FNDA:0,(anonymous_52)
FNDA:21,(anonymous_53)
FNDA:0,(anonymous_54)
FNDA:340,(anonymous_55)
FNDA:57,(anonymous_56)
FNDA:0,(anonymous_57)
FNDA:9,(anonymous_58)
FNDA:0,(anonymous_59)
FNDA:3,(anonymous_60)
FNDA:0,(anonymous_61)
FNDA:1078,(anonymous_62)
FNDA:14,(anonymous_63)
FNDA:0,(anonymous_64)
FNDA:0,(anonymous_65)
FNDA:15,Overview
FNDA:60,(anonymous_67)
FNDA:95,UserTable
FNDA:74,(anonymous_69)
FNDA:0,(anonymous_70)
FNDA:1,(anonymous_71)
FNDA:0,ProductForm
FNDA:0,(anonymous_73)
FNDA:0,(anonymous_74)
FNDA:0,(anonymous_75)
FNDA:0,(anonymous_76)
FNDA:0,(anonymous_77)
FNDA:0,(anonymous_78)
FNDA:0,(anonymous_79)
FNDA:0,(anonymous_80)
FNDA:0,(anonymous_81)
FNDA:0,(anonymous_82)
FNDA:0,(anonymous_83)
FNDA:0,(anonymous_84)
FNDA:0,(anonymous_85)
FNDA:0,(anonymous_86)
FNDA:0,(anonymous_87)
FNDA:0,(anonymous_88)
FNDA:0,(anonymous_89)
FNDA:0,(anonymous_90)
FNDA:0,(anonymous_91)
FNDA:0,(anonymous_92)
FNDA:0,(anonymous_93)
FNDA:0,(anonymous_94)
FNDA:0,(anonymous_95)
FNDA:2,ProductTable
FNDA:2,(anonymous_97)
FNDA:2,(anonymous_98)
FNDA:0,(anonymous_99)
FNDA:1,(anonymous_100)
FNDA:0,(anonymous_101)
FNDA:0,SalesPanel
FNDA:0,(anonymous_103)
FNDA:0,(anonymous_104)
FNDA:0,ProvidersPanel
FNDA:0,(anonymous_106)
FNDA:0,(anonymous_107)
FNDA:0,(anonymous_108)
FNDA:0,(anonymous_109)
FNDA:0,(anonymous_110)
FNDA:0,(anonymous_111)
FNDA:0,(anonymous_112)
FNDA:0,(anonymous_113)
FNDA:0,(anonymous_114)
FNDA:0,(anonymous_115)
FNDA:0,(anonymous_116)
FNDA:0,(anonymous_117)
FNDA:0,(anonymous_118)
FNDA:0,(anonymous_119)
FNDA:0,(anonymous_120)
FNDA:0,(anonymous_121)
FNDA:0,(anonymous_122)
FNDA:0,(anonymous_123)
FNDA:0,(anonymous_124)
FNDA:0,(anonymous_125)
FNDA:0,(anonymous_126)
FNDA:0,(anonymous_127)
FNDA:0,(anonymous_128)
FNDA:0,(anonymous_129)
FNDA:0,(anonymous_130)
FNDA:0,(anonymous_131)
FNDA:0,(anonymous_132)
FNDA:0,(anonymous_133)
FNDA:0,(anonymous_134)
FNDA:0,(anonymous_135)
FNDA:0,(anonymous_136)
FNDA:0,(anonymous_137)
FNDA:0,(anonymous_138)
FNDA:0,(anonymous_139)
FNDA:0,(anonymous_140)
FNDA:0,ReceiveModal
FNDA:0,(anonymous_142)
FNDA:0,(anonymous_143)
FNDA:0,(anonymous_144)
FNDA:0,(anonymous_145)
FNDA:0,(anonymous_146)
FNDA:0,(anonymous_147)
FNDA:0,(anonymous_148)
FNDA:0,(anonymous_149)
FNDA:0,(anonymous_150)
FNDA:0,(anonymous_151)
FNDA:0,(anonymous_152)
FNDA:0,(anonymous_153)
FNDA:0,(anonymous_154)
FNDA:23,OrdersPanel
FNDA:0,(anonymous_156)
FNDA:0,(anonymous_157)
FNDA:0,(anonymous_158)
FNDA:0,(anonymous_159)
FNDA:0,(anonymous_160)
FNDA:0,(anonymous_161)
FNDA:0,(anonymous_162)
FNDA:0,(anonymous_163)
FNDA:0,(anonymous_164)
FNDA:0,(anonymous_165)
FNDA:0,(anonymous_166)
FNDA:11,(anonymous_167)
FNDA:9,(anonymous_168)
FNDA:11,(anonymous_169)
FNDA:0,(anonymous_170)
FNDA:2,(anonymous_171)
FNDA:0,(anonymous_172)
FNDA:4,(anonymous_173)
FNDA:0,(anonymous_174)
FNDA:0,(anonymous_175)
FNDA:0,(anonymous_176)
FNDA:0,(anonymous_177)
FNDA:0,(anonymous_178)
FNDA:0,(anonymous_179)
FNDA:0,(anonymous_180)
FNDA:0,(anonymous_181)
FNDA:0,(anonymous_182)
FNDA:0,(anonymous_183)
FNDA:0,(anonymous_184)
FNDA:0,(anonymous_185)
FNDA:0,(anonymous_186)
FNDA:0,(anonymous_187)
FNDA:0,(anonymous_188)
FNDA:0,(anonymous_189)
FNDA:0,(anonymous_190)
FNDA:0,(anonymous_191)
FNDA:0,(anonymous_192)
FNDA:0,(anonymous_193)
FNDA:14,(anonymous_194)
FNDA:3,(anonymous_195)
FNDA:1,(anonymous_196)
FNDA:0,(anonymous_197)
FNDA:0,(anonymous_198)
FNDA:138,(anonymous_199)
FNDA:0,(anonymous_200)
FNDA:0,(anonymous_201)
FNDA:14,(anonymous_202)
FNDA:0,(anonymous_203)
FNDA:0,(anonymous_204)
FNDA:0,(anonymous_205)
FNDA:0,(anonymous_206)
FNDA:0,(anonymous_207)
FNDA:0,(anonymous_208)
FNDA:0,(anonymous_209)
FNDA:0,(anonymous_210)
FNDA:3,SystemNodes
FNDA:1,(anonymous_212)
FNDA:3,(anonymous_213)
FNDA:1,(anonymous_214)
FNDA:3,(anonymous_215)
FNDA:3,(anonymous_216)
FNDA:3,(anonymous_217)
FNDA:0,(anonymous_218)
FNDA:2,(anonymous_219)
FNDA:0,(anonymous_220)
DA:7,2
DA:8,2
DA:9,2
DA:10,166
DA:12,163
DA:13,163
DA:14,1
DA:18,0
DA:19,0
DA:20,0
DA:21,0
DA:23,0
DA:25,0
DA:28,154
DA:29,154
DA:30,154
DA:31,154
DA:32,154
DA:33,154
DA:34,154
DA:35,154
DA:36,154
DA:37,154
DA:38,154
DA:39,154
DA:40,154
DA:41,154
DA:42,154
DA:43,154
DA:44,154
DA:45,154
DA:46,154
DA:47,154
DA:48,154
DA:49,340
DA:50,154
DA:51,1078
DA:53,60
DA:54,95
DA:56,0
DA:57,2
DA:58,2
DA:59,0
DA:60,2
DA:62,0
DA:63,0
DA:64,0
DA:65,0
DA:66,0
DA:67,0
DA:68,0
DA:69,0
DA:70,0
DA:72,0
DA:73,0
DA:74,0
DA:75,0
DA:76,0
DA:77,0
DA:80,0
DA:81,0
DA:82,0
DA:83,0
DA:84,0
DA:85,0
DA:86,0
DA:87,0
DA:88,0
DA:89,0
DA:90,0
DA:91,0
DA:92,0
DA:93,0
DA:94,0
DA:95,0
DA:97,0
DA:98,0
DA:99,0
DA:100,0
DA:101,0
DA:103,0
DA:106,23
DA:107,23
DA:108,23
DA:109,23
DA:110,23
DA:111,23
DA:112,23
DA:113,11
DA:114,11
DA:115,11
DA:117,23
DA:118,23
DA:119,23
DA:120,23
DA:121,23
DA:122,23
DA:123,23
DA:124,138
DA:130,3
DA:131,3
DA:132,3
DA:133,3
DA:134,3
DA:135,3
DA:136,3
DA:137,3
LF:107
LH:62
BRDA:10,0,0,166
BRDA:10,0,1,0
BRDA:12,1,0,24
BRDA:12,1,1,1
BRDA:13,2,0,162
BRDA:13,2,1,1
BRDA:21,3,0,0
BRDA:21,3,1,0
BRDA:21,4,0,0
BRDA:21,4,1,0
BRDA:23,5,0,0
BRDA:23,5,1,0
BRDA:25,6,0,0
BRDA:25,6,1,0
BRDA:25,7,0,0
BRDA:25,7,1,0
BRDA:31,8,0,30
BRDA:31,8,1,21
BRDA:31,9,0,84
BRDA:31,9,1,21
BRDA:34,10,0,0
BRDA:34,10,1,0
BRDA:34,11,0,0
BRDA:34,11,1,0
BRDA:34,12,0,0
BRDA:34,12,1,0
BRDA:34,13,0,0
BRDA:34,13,1,0
BRDA:34,14,0,0
BRDA:34,14,1,0
BRDA:35,15,0,0
BRDA:35,15,1,1
BRDA:35,16,0,0
BRDA:35,16,1,0
BRDA:35,17,0,0
BRDA:35,17,1,1
BRDA:35,18,0,0
BRDA:35,18,1,1
BRDA:35,19,0,0
BRDA:35,19,1,0
BRDA:36,20,0,0
BRDA:36,20,1,1
BRDA:36,21,0,1
BRDA:36,21,1,0
BRDA:36,22,0,0
BRDA:36,22,1,0
BRDA:37,23,0,0
BRDA:37,23,1,0
BRDA:37,24,0,0
BRDA:37,24,1,0
BRDA:37,25,0,0
BRDA:37,25,1,0
BRDA:37,26,0,0
BRDA:37,26,1,0
BRDA:37,27,0,0
BRDA:37,27,1,0
BRDA:37,28,0,0
BRDA:37,28,1,0
BRDA:39,29,0,0
BRDA:39,29,1,0
BRDA:39,30,0,0
BRDA:39,30,1,0
BRDA:39,31,0,0
BRDA:39,31,1,0
BRDA:39,32,0,0
BRDA:39,32,1,0
BRDA:40,33,0,0
BRDA:40,33,1,0
BRDA:40,34,0,0
BRDA:40,34,1,0
BRDA:41,35,0,0
BRDA:41,35,1,0
BRDA:41,36,0,0
BRDA:41,36,1,0
BRDA:42,37,0,0
BRDA:42,37,1,0
BRDA:43,38,0,0
BRDA:43,38,1,0
BRDA:43,39,0,0
BRDA:43,39,1,0
BRDA:44,40,0,0
BRDA:44,40,1,0
BRDA:44,41,0,0
BRDA:44,41,1,0
BRDA:44,42,0,0
BRDA:44,42,1,0
BRDA:44,43,0,0
BRDA:44,43,1,0
BRDA:44,44,0,0
BRDA:44,44,1,0
BRDA:44,45,0,0
BRDA:44,45,1,0
BRDA:44,46,0,0
BRDA:44,46,1,0
BRDA:45,47,0,0
BRDA:45,47,1,1
BRDA:45,48,0,1
BRDA:45,48,1,0
BRDA:45,49,0,0
BRDA:45,49,1,0
BRDA:46,50,0,0
BRDA:46,50,1,0
BRDA:49,51,0,96
BRDA:49,51,1,192
BRDA:49,52,0,96
BRDA:49,52,1,68
BRDA:49,53,0,0
BRDA:49,53,1,68
BRDA:49,54,0,0
BRDA:49,54,1,68
BRDA:49,55,0,68
BRDA:49,55,1,272
BRDA:49,56,0,68
BRDA:49,56,1,272
BRDA:49,57,0,0
BRDA:49,57,1,68
BRDA:49,58,0,1
BRDA:49,58,1,67
BRDA:50,59,0,3
BRDA:50,59,1,0
BRDA:50,60,0,3
BRDA:50,60,1,0
BRDA:50,61,0,0
BRDA:50,61,1,0
BRDA:51,62,0,154
BRDA:51,62,1,924
BRDA:51,63,0,154
BRDA:51,63,1,7
BRDA:51,64,0,18
BRDA:51,64,1,136
BRDA:51,65,0,27
BRDA:51,65,1,109
BRDA:51,66,0,96
BRDA:51,66,1,13
BRDA:51,67,0,3
BRDA:51,67,1,10
BRDA:51,68,0,0
BRDA:51,68,1,10
BRDA:51,69,0,0
BRDA:51,69,1,10
BRDA:51,70,0,9
BRDA:51,70,1,1
BRDA:54,71,0,74
BRDA:54,71,1,0
BRDA:54,72,0,74
BRDA:54,72,1,0
BRDA:54,73,0,74
BRDA:54,73,1,0
BRDA:54,74,0,74
BRDA:54,74,1,0
BRDA:54,75,0,0
BRDA:54,75,1,0
BRDA:54,76,0,95
BRDA:54,76,1,21
BRDA:56,77,0,0
BRDA:56,77,1,0
BRDA:56,78,0,0
BRDA:56,78,1,0
BRDA:56,79,0,0
BRDA:56,79,1,0
BRDA:56,80,0,0
BRDA:56,80,1,0
BRDA:56,81,0,0
BRDA:56,81,1,0
BRDA:56,82,0,0
BRDA:56,82,1,0
BRDA:56,83,0,0
BRDA:56,83,1,0
BRDA:56,84,0,0
BRDA:56,84,1,0
BRDA:56,85,0,0
BRDA:56,85,1,0
BRDA:56,86,0,0
BRDA:56,86,1,0
BRDA:56,87,0,0
BRDA:56,87,1,0
BRDA:56,88,0,0
BRDA:56,88,1,0
BRDA:56,89,0,0
BRDA:56,89,1,0
BRDA:56,90,0,0
BRDA:56,90,1,0
BRDA:56,91,0,0
BRDA:56,91,1,0
BRDA:56,92,0,0
BRDA:56,92,1,0
BRDA:57,93,0,2
BRDA:57,93,1,0
BRDA:57,94,0,2
BRDA:57,94,1,0
BRDA:57,95,0,2
BRDA:57,95,1,0
BRDA:57,95,2,0
BRDA:58,96,0,2
BRDA:58,96,1,0
BRDA:58,97,0,2
BRDA:58,97,1,0
BRDA:58,98,0,2
BRDA:58,98,1,0
BRDA:58,99,0,2
BRDA:58,99,1,0
BRDA:58,100,0,2
BRDA:58,100,1,0
BRDA:58,101,0,2
BRDA:58,101,1,0
BRDA:59,102,0,0
BRDA:59,102,1,0
BRDA:59,103,0,0
BRDA:59,103,1,0
BRDA:59,104,0,0
BRDA:59,104,1,0
BRDA:59,105,0,0
BRDA:59,105,1,0
BRDA:59,106,0,0
BRDA:59,106,1,0
BRDA:64,107,0,0
BRDA:64,107,1,0
BRDA:66,108,0,0
BRDA:66,108,1,0
BRDA:66,109,0,0
BRDA:66,109,1,0
BRDA:66,110,0,0
BRDA:66,110,1,0
BRDA:66,111,0,0
BRDA:66,111,1,0
BRDA:66,112,0,0
BRDA:66,112,1,0
BRDA:66,113,0,0
BRDA:66,113,1,0
BRDA:68,114,0,0
BRDA:68,114,1,0
BRDA:68,115,0,0
BRDA:68,115,1,0
BRDA:72,116,0,0
BRDA:72,116,1,0
BRDA:72,116,2,0
BRDA:72,116,3,0
BRDA:74,117,0,0
BRDA:74,117,1,0
BRDA:74,118,0,0
BRDA:74,118,1,0
BRDA:74,119,0,0
BRDA:74,119,1,0
BRDA:74,120,0,0
BRDA:74,120,1,0
BRDA:75,121,0,0
BRDA:75,121,1,0
BRDA:75,122,0,0
BRDA:75,122,1,0
BRDA:75,123,0,0
BRDA:75,123,1,0
BRDA:75,124,0,0
BRDA:75,124,1,0
BRDA:75,125,0,0
BRDA:75,125,1,0
BRDA:75,126,0,0
BRDA:75,126,1,0
BRDA:75,127,0,0
BRDA:75,127,1,0
BRDA:76,128,0,0
BRDA:76,128,1,0
BRDA:76,129,0,0
BRDA:76,129,1,0
BRDA:76,130,0,0
BRDA:76,130,1,0
BRDA:76,131,0,0
BRDA:76,131,1,0
BRDA:76,132,0,0
BRDA:76,132,1,0
BRDA:77,133,0,0
BRDA:77,133,1,0
BRDA:77,134,0,0
BRDA:77,134,1,0
BRDA:77,135,0,0
BRDA:77,135,1,0
BRDA:77,136,0,0
BRDA:77,136,1,0
BRDA:77,137,0,0
BRDA:77,137,1,0
BRDA:77,138,0,0
BRDA:77,138,1,0
BRDA:77,139,0,0
BRDA:77,139,1,0
BRDA:77,140,0,0
BRDA:77,140,1,0
BRDA:77,141,0,0
BRDA:77,141,1,0
BRDA:77,142,0,0
BRDA:77,142,1,0
BRDA:77,143,0,0
BRDA:77,143,1,0
BRDA:84,144,0,0
BRDA:84,144,1,0
BRDA:84,145,0,0
BRDA:84,145,1,0
BRDA:93,146,0,0
BRDA:93,146,1,0
BRDA:94,147,0,0
BRDA:94,147,1,0
BRDA:94,148,0,0
BRDA:94,148,1,0
BRDA:95,149,0,0
BRDA:95,149,1,0
BRDA:97,150,0,0
BRDA:97,150,1,0
BRDA:100,151,0,0
BRDA:100,151,1,0
BRDA:103,152,0,0
BRDA:103,152,1,0
BRDA:103,153,0,0
BRDA:103,153,1,0
BRDA:103,154,0,0
BRDA:103,154,1,0
BRDA:103,155,0,0
BRDA:103,155,1,0
BRDA:103,156,0,0
BRDA:103,156,1,0
BRDA:103,157,0,0
BRDA:103,157,1,0
BRDA:109,158,0,0
BRDA:109,158,1,0
BRDA:109,159,0,0
BRDA:109,159,1,0
BRDA:110,160,0,0
BRDA:110,160,1,0
BRDA:110,161,0,0
BRDA:110,161,1,0
BRDA:110,162,0,0
BRDA:110,162,1,0
BRDA:110,163,0,0
BRDA:110,163,1,0
BRDA:111,164,0,0
BRDA:111,164,1,0
BRDA:111,165,0,0
BRDA:111,165,1,0
BRDA:111,166,0,0
BRDA:111,166,1,0
BRDA:111,167,0,0
BRDA:111,167,1,0
BRDA:113,168,0,0
BRDA:113,168,1,11
BRDA:118,169,0,9
BRDA:118,169,1,2
BRDA:119,170,0,0
BRDA:119,170,1,0
BRDA:119,171,0,0
BRDA:119,171,1,0
BRDA:119,172,0,0
BRDA:119,172,1,0
BRDA:120,173,0,1
BRDA:120,173,1,3
BRDA:120,174,0,3
BRDA:120,174,1,1
BRDA:120,175,0,1
BRDA:120,175,1,1
BRDA:120,176,0,1
BRDA:120,176,1,0
BRDA:122,177,0,0
BRDA:122,177,1,0
BRDA:122,178,0,0
BRDA:122,178,1,0
BRDA:122,179,0,0
BRDA:122,179,1,0
BRDA:122,180,0,0
BRDA:122,180,1,0
BRDA:122,181,0,0
BRDA:122,181,1,0
BRDA:122,182,0,0
BRDA:122,182,1,0
BRDA:122,183,0,0
BRDA:122,183,1,0
BRDA:122,184,0,0
BRDA:122,184,1,0
BRDA:122,185,0,0
BRDA:122,185,1,0
BRDA:122,186,0,0
BRDA:122,186,1,0
BRDA:122,187,0,0
BRDA:122,187,1,0
BRDA:123,188,0,14
BRDA:123,188,1,8
BRDA:123,189,0,14
BRDA:123,189,1,10
BRDA:123,190,0,14
BRDA:123,190,1,3
BRDA:124,191,0,23
BRDA:124,191,1,4
BRDA:124,192,0,23
BRDA:124,192,1,115
BRDA:124,193,0,0
BRDA:124,193,1,0
BRDA:124,194,0,23
BRDA:124,194,1,0
BRDA:124,195,0,14
BRDA:124,195,1,0
BRDA:124,196,0,14
BRDA:124,196,1,0
BRDA:124,197,0,14
BRDA:124,197,1,14
BRDA:124,197,2,14
BRDA:124,198,0,14
BRDA:124,198,1,14
BRDA:124,199,0,1
BRDA:124,199,1,13
BRDA:124,200,0,14
BRDA:124,200,1,0
BRDA:124,201,0,23
BRDA:124,201,1,9
BRDA:124,202,0,23
BRDA:124,202,1,0
BRDA:124,203,0,23
BRDA:124,203,1,0
BRDA:124,204,0,23
BRDA:124,204,1,0
BRDA:131,205,0,1
BRDA:131,205,1,0
BRDA:131,206,0,1
BRDA:131,206,1,0
BRDA:131,207,0,1
BRDA:131,207,1,0
BRDA:134,208,0,3
BRDA:134,208,1,1
BRDA:134,209,0,3
BRDA:134,209,1,1
BRDA:134,210,0,3
BRDA:134,210,1,1
BRDA:135,211,0,2
BRDA:135,211,1,1
BRDA:135,212,0,0
BRDA:135,212,1,1
BRDA:135,213,0,2
BRDA:135,213,1,1
BRDA:136,214,0,2
BRDA:136,214,1,1
BRDA:136,215,0,0
BRDA:136,215,1,1
BRDA:136,216,0,2
BRDA:136,216,1,1
BRDA:137,217,0,2
BRDA:137,217,1,1
BRDA:137,218,0,1
BRDA:137,218,1,2
BRDA:137,219,0,3
BRDA:137,219,1,0
BRDA:137,220,0,2
BRDA:137,220,1,0
BRDA:137,221,0,2
BRDA:137,221,1,0
BRDA:137,222,0,2
BRDA:137,222,1,0
BRDA:137,223,0,0
BRDA:137,223,1,2
BRDA:137,224,0,0
BRDA:137,224,1,0
BRDA:137,225,0,0
BRDA:137,225,1,0
BRDA:137,226,0,0
BRDA:137,226,1,0
BRDA:137,227,0,3
BRDA:137,227,1,3
BRDA:137,227,2,2
BRF:461
BRH:129
end_of_record
TN:
SF:src\views\BuilderView.tsx
FN:14,(anonymous_0)
FN:15,(anonymous_1)
FN:16,(anonymous_2)
FN:17,BuilderView
FN:18,(anonymous_4)
FN:19,(anonymous_5)
FN:19,(anonymous_6)
FN:19,(anonymous_7)
FN:19,(anonymous_8)
FN:20,(anonymous_9)
FN:20,(anonymous_10)
FN:21,(anonymous_11)
FN:21,(anonymous_12)
FN:22,(anonymous_13)
FN:23,(anonymous_14)
FN:23,(anonymous_15)
FN:24,(anonymous_16)
FN:25,(anonymous_17)
FN:26,(anonymous_18)
FN:27,(anonymous_19)
FN:27,(anonymous_20)
FN:28,(anonymous_21)
FN:28,(anonymous_22)
FN:29,(anonymous_23)
FN:30,(anonymous_24)
FN:30,(anonymous_25)
FN:30,(anonymous_26)
FN:30,(anonymous_27)
FN:31,(anonymous_28)
FN:31,(anonymous_29)
FN:31,(anonymous_30)
FN:31,(anonymous_31)
FN:32,(anonymous_32)
FN:32,(anonymous_33)
FN:32,(anonymous_34)
FN:32,(anonymous_35)
FN:34,(anonymous_36)
FN:34,(anonymous_37)
FN:34,(anonymous_38)
FN:35,(anonymous_39)
FN:35,(anonymous_40)
FNF:41
FNH:22
FNDA:4,(anonymous_0)
FNDA:0,(anonymous_1)
FNDA:0,(anonymous_2)
FNDA:21,BuilderView
FNDA:5,(anonymous_4)
FNDA:8,(anonymous_5)
FNDA:3,(anonymous_6)
FNDA:189,(anonymous_7)
FNDA:27,(anonymous_8)
FNDA:3,(anonymous_9)
FNDA:3,(anonymous_10)
FNDA:5,(anonymous_11)
FNDA:4,(anonymous_12)
FNDA:5,(anonymous_13)
FNDA:3,(anonymous_14)
FNDA:0,(anonymous_15)
FNDA:0,(anonymous_16)
FNDA:0,(anonymous_17)
FNDA:2,(anonymous_18)
FNDA:0,(anonymous_19)
FNDA:0,(anonymous_20)
FNDA:0,(anonymous_21)
FNDA:0,(anonymous_22)
FNDA:0,(anonymous_23)
FNDA:21,(anonymous_24)
FNDA:189,(anonymous_25)
FNDA:6,(anonymous_26)
FNDA:2,(anonymous_27)
FNDA:21,(anonymous_28)
FNDA:0,(anonymous_29)
FNDA:0,(anonymous_30)
FNDA:0,(anonymous_31)
FNDA:0,(anonymous_32)
FNDA:0,(anonymous_33)
FNDA:0,(anonymous_34)
FNDA:0,(anonymous_35)
FNDA:189,(anonymous_36)
FNDA:0,(anonymous_37)
FNDA:0,(anonymous_38)
FNDA:10,(anonymous_39)
FNDA:3,(anonymous_40)
DA:12,1
DA:13,1
DA:14,4
DA:15,1
DA:16,1
DA:18,21
DA:19,189
DA:20,21
DA:21,21
DA:22,21
DA:23,21
DA:24,21
DA:25,21
DA:26,21
DA:27,21
DA:28,21
DA:29,21
DA:30,189
DA:31,21
DA:32,21
DA:33,21
DA:34,189
DA:35,10
LF:23
LH:23
BRDA:14,0,0,4
BRDA:14,0,1,0
BRDA:14,1,0,4
BRDA:14,1,1,0
BRDA:14,2,0,4
BRDA:14,2,1,0
BRDA:14,3,0,0
BRDA:14,3,1,4
BRDA:14,4,0,4
BRDA:14,4,1,4
BRDA:15,5,0,0
BRDA:15,5,1,0
BRDA:15,6,0,0
BRDA:15,6,1,0
BRDA:15,7,0,0
BRDA:15,7,1,0
BRDA:16,8,0,0
BRDA:16,8,1,0
BRDA:16,8,2,0
BRDA:18,9,0,5
BRDA:18,9,1,0
BRDA:18,10,0,5
BRDA:18,10,1,5
BRDA:19,11,0,21
BRDA:19,11,1,0
BRDA:21,12,0,0
BRDA:21,12,1,0
BRDA:26,13,0,1
BRDA:26,13,1,1
BRDA:26,14,0,0
BRDA:26,14,1,0
BRDA:27,15,0,0
BRDA:27,15,1,0
BRDA:27,16,0,0
BRDA:27,16,1,0
BRDA:27,17,0,0
BRDA:27,17,1,0
BRDA:27,18,0,0
BRDA:27,18,1,0
BRDA:27,19,0,0
BRDA:27,19,1,0
BRDA:27,20,0,0
BRDA:27,20,1,0
BRDA:27,21,0,0
BRDA:27,21,1,0
BRDA:28,22,0,0
BRDA:28,22,1,0
BRDA:28,23,0,0
BRDA:28,23,1,0
BRDA:29,24,0,0
BRDA:29,24,1,0
BRDA:30,25,0,21
BRDA:30,25,1,15
BRDA:30,26,0,21
BRDA:30,26,1,6
BRDA:30,27,0,1
BRDA:30,27,1,20
BRDA:30,28,0,0
BRDA:30,28,1,21
BRDA:30,29,0,0
BRDA:30,29,1,21
BRDA:31,30,0,21
BRDA:31,30,1,6
BRDA:31,31,0,0
BRDA:31,31,1,21
BRDA:31,32,0,21
BRDA:31,32,1,15
BRDA:31,33,0,21
BRDA:31,33,1,0
BRDA:31,34,0,21
BRDA:31,34,1,0
BRDA:31,35,0,0
BRDA:31,35,1,0
BRDA:31,36,0,0
BRDA:31,36,1,0
BRDA:32,37,0,0
BRDA:32,37,1,0
BRDA:32,38,0,0
BRDA:32,38,1,0
BRDA:32,39,0,0
BRDA:32,39,1,0
BRDA:32,40,0,0
BRDA:32,40,1,0
BRDA:32,41,0,0
BRDA:32,41,1,0
BRDA:32,42,0,0
BRDA:32,42,1,0
BRDA:34,43,0,21
BRDA:34,43,1,6
BRDA:34,44,0,21
BRDA:34,44,1,168
BRDA:34,45,0,6
BRDA:34,45,1,183
BRDA:34,46,0,189
BRDA:34,46,1,183
BRDA:34,47,0,120
BRDA:34,47,1,63
BRDA:34,48,0,6
BRDA:34,48,1,183
BRDA:35,49,0,5
BRDA:35,49,1,16
BRDA:35,50,0,0
BRDA:35,50,1,16
BRDA:35,51,0,10
BRDA:35,51,1,6
BRDA:35,52,0,6
BRDA:35,52,1,4
BRDA:35,53,0,10
BRDA:35,53,1,10
BRDA:35,54,0,6
BRDA:35,54,1,4
BRDA:37,55,0,21
BRDA:37,55,1,6
BRF:113
BRH:52
end_of_record
TN:
SF:src\views\CartView.tsx
FN:8,CartView
FN:10,(anonymous_1)
FN:10,(anonymous_2)
FN:10,(anonymous_3)
FN:10,(anonymous_4)
FN:10,(anonymous_5)
FN:10,(anonymous_6)
FN:11,(anonymous_7)
FN:11,(anonymous_8)
FN:11,(anonymous_9)
FN:11,(anonymous_10)
FN:11,(anonymous_11)
FN:11,(anonymous_12)
FN:11,(anonymous_13)
FN:11,(anonymous_14)
FN:11,(anonymous_15)
FN:11,(anonymous_16)
FN:12,(anonymous_17)
FN:12,(anonymous_18)
FN:13,(anonymous_19)
FN:13,(anonymous_20)
FN:13,(anonymous_21)
FN:14,(anonymous_22)
FN:14,(anonymous_23)
FN:14,(anonymous_24)
FN:15,(anonymous_25)
FN:15,(anonymous_26)
FN:15,(anonymous_27)
FN:16,(anonymous_28)
FN:16,(anonymous_29)
FN:16,(anonymous_30)
FN:16,(anonymous_31)
FN:16,(anonymous_32)
FN:16,(anonymous_33)
FNF:34
FNH:22
FNDA:34,CartView
FNDA:8,(anonymous_1)
FNDA:8,(anonymous_2)
FNDA:0,(anonymous_3)
FNDA:8,(anonymous_4)
FNDA:0,(anonymous_5)
FNDA:0,(anonymous_6)
FNDA:34,(anonymous_7)
FNDA:0,(anonymous_8)
FNDA:0,(anonymous_9)
FNDA:0,(anonymous_10)
FNDA:0,(anonymous_11)
FNDA:0,(anonymous_12)
FNDA:0,(anonymous_13)
FNDA:0,(anonymous_14)
FNDA:0,(anonymous_15)
FNDA:26,(anonymous_16)
FNDA:28,(anonymous_17)
FNDA:19,(anonymous_18)
FNDA:8,(anonymous_19)
FNDA:8,(anonymous_20)
FNDA:8,(anonymous_21)
FNDA:4,(anonymous_22)
FNDA:3,(anonymous_23)
FNDA:3,(anonymous_24)
FNDA:2,(anonymous_25)
FNDA:1,(anonymous_26)
FNDA:1,(anonymous_27)
FNDA:19,(anonymous_28)
FNDA:2,(anonymous_29)
FNDA:1,(anonymous_30)
FNDA:0,(anonymous_31)
FNDA:3,(anonymous_32)
FNDA:19,(anonymous_33)
DA:9,34
DA:10,34
DA:11,34
DA:12,34
DA:13,34
DA:14,34
DA:15,34
DA:16,34
LF:8
LH:8
BRDA:10,0,0,0
BRDA:10,0,1,8
BRDA:10,1,0,0
BRDA:10,1,1,0
BRDA:11,2,0,8
BRDA:11,2,1,26
BRDA:11,3,0,0
BRDA:11,3,1,0
BRDA:11,4,0,0
BRDA:11,4,1,0
BRDA:13,5,0,8
BRDA:13,5,1,0
BRDA:14,6,0,4
BRDA:14,6,1,1
BRDA:14,7,0,3
BRDA:14,7,1,0
BRDA:14,8,0,1
BRDA:14,8,1,0
BRDA:15,9,0,1
BRDA:15,9,1,0
BRDA:16,10,0,14
BRDA:16,10,1,20
BRDA:16,11,0,0
BRDA:16,11,1,20
BRDA:16,12,0,20
BRDA:16,12,1,2
BRDA:16,13,0,18
BRDA:16,13,1,2
BRDA:16,14,0,6
BRDA:16,14,1,13
BRDA:16,15,0,34
BRDA:16,15,1,2
BRDA:16,15,2,2
BRF:33
BRH:21
end_of_record
TN:
SF:src\views\CatalogView.tsx
FN:8,CatalogView
FN:21,(anonymous_1)
FN:34,(anonymous_2)
FN:37,(anonymous_3)
FN:53,(anonymous_4)
FN:54,(anonymous_5)
FN:58,(anonymous_6)
FN:62,(anonymous_7)
FN:65,(anonymous_8)
FN:66,(anonymous_9)
FN:69,(anonymous_10)
FN:72,(anonymous_11)
FN:74,(anonymous_12)
FN:77,(anonymous_13)
FN:84,(anonymous_14)
FN:84,(anonymous_15)
FN:85,(anonymous_16)
FN:86,(anonymous_17)
FN:95,(anonymous_18)
FN:96,(anonymous_19)
FN:96,(anonymous_20)
FN:96,(anonymous_21)
FNF:22
FNH:18
FNDA:28,CatalogView
FNDA:7,(anonymous_1)
FNDA:6,(anonymous_2)
FNDA:1,(anonymous_3)
FNDA:5,(anonymous_4)
FNDA:0,(anonymous_5)
FNDA:1,(anonymous_6)
FNDA:14,(anonymous_7)
FNDA:0,(anonymous_8)
FNDA:0,(anonymous_9)
FNDA:2,(anonymous_10)
FNDA:21,(anonymous_11)
FNDA:50,(anonymous_12)
FNDA:1,(anonymous_13)
FNDA:18,(anonymous_14)
FNDA:75,(anonymous_15)
FNDA:5,(anonymous_16)
FNDA:22,(anonymous_17)
FNDA:10,(anonymous_18)
FNDA:0,(anonymous_19)
FNDA:46,(anonymous_20)
FNDA:1,(anonymous_21)
DA:6,1
DA:9,28
DA:10,28
DA:11,28
DA:12,28
DA:13,28
DA:14,28
DA:15,28
DA:16,28
DA:17,28
DA:18,28
DA:19,28
DA:21,28
DA:22,7
DA:23,7
DA:24,1
DA:26,6
DA:28,7
DA:29,7
DA:30,7
DA:31,7
DA:32,7
DA:33,6
DA:34,6
DA:35,6
DA:36,1
DA:37,1
DA:39,6
DA:40,6
DA:42,1
DA:43,1
DA:46,7
DA:47,7
DA:48,7
DA:53,28
DA:54,5
DA:55,5
DA:58,28
DA:59,1
DA:62,28
DA:63,14
DA:64,14
DA:65,2
DA:66,0
DA:68,2
DA:69,2
DA:72,28
DA:73,21
DA:74,50
DA:77,28
DA:78,1
DA:79,1
DA:80,1
DA:81,1
DA:84,75
DA:85,28
DA:86,28
DA:92,28
DA:95,10
DA:96,46
LF:60
LH:59
BRDA:23,0,0,1
BRDA:23,0,1,6
BRDA:30,1,0,6
BRDA:30,1,1,1
BRDA:31,2,0,6
BRDA:31,2,1,1
BRDA:33,3,0,0
BRDA:33,3,1,6
BRDA:35,4,0,5
BRDA:35,4,1,1
BRDA:42,5,0,1
BRDA:42,5,1,0
BRDA:43,6,0,1
BRDA:43,6,1,0
BRDA:46,7,0,7
BRDA:46,7,1,0
BRDA:59,8,0,1
BRDA:59,8,1,0
BRDA:59,9,0,1
BRDA:59,9,1,1
BRDA:59,9,2,1
BRDA:64,10,0,12
BRDA:64,10,1,2
BRDA:64,11,0,14
BRDA:64,11,1,3
BRDA:64,11,2,3
BRDA:64,11,3,3
BRDA:66,12,0,0
BRDA:66,12,1,0
BRDA:84,13,0,75
BRDA:84,13,1,75
BRDA:84,14,0,75
BRDA:84,14,1,75
BRDA:85,15,0,1
BRDA:85,15,1,4
BRDA:87,16,0,2
BRDA:87,16,1,20
BRDA:87,17,0,22
BRDA:87,17,1,2
BRDA:87,18,0,18
BRDA:87,18,1,2
BRDA:88,19,0,22
BRDA:88,19,1,2
BRDA:88,19,2,0
BRDA:89,20,0,22
BRDA:89,20,1,5
BRDA:90,21,0,22
BRDA:90,21,1,17
BRDA:90,21,2,15
BRDA:96,22,0,26
BRDA:96,22,1,2
BRDA:96,23,0,2
BRDA:96,23,1,44
BRDA:96,24,0,46
BRDA:96,24,1,0
BRDA:97,25,0,6
BRDA:97,25,1,22
BRF:57
BRH:48
end_of_record
TN:
SF:src\views\CheckoutView.tsx
FN:7,CheckoutView
FN:7,(anonymous_1)
FN:7,(anonymous_2)
FN:7,(anonymous_3)
FN:7,(anonymous_4)
FN:7,(anonymous_5)
FN:7,(anonymous_6)
FN:7,(anonymous_7)
FN:7,(anonymous_8)
FN:7,(anonymous_9)
FN:7,(anonymous_10)
FNF:11
FNH:6
FNDA:4,CheckoutView
FNDA:2,(anonymous_1)
FNDA:2,(anonymous_2)
FNDA:0,(anonymous_3)
FNDA:4,(anonymous_4)
FNDA:2,(anonymous_5)
FNDA:0,(anonymous_6)
FNDA:0,(anonymous_7)
FNDA:0,(anonymous_8)
FNDA:0,(anonymous_9)
FNDA:2,(anonymous_10)
DA:7,4
LF:1
LH:1
BRDA:7,0,0,2
BRDA:7,0,1,0
BRDA:7,1,0,0
BRDA:7,1,1,2
BRDA:7,2,0,0
BRDA:7,2,1,0
BRDA:7,3,0,2
BRDA:7,3,1,2
BRDA:7,4,0,0
BRDA:7,4,1,0
BRDA:7,5,0,0
BRDA:7,5,1,0
BRDA:7,5,2,0
BRDA:7,6,0,2
BRDA:7,6,1,2
BRDA:7,7,0,0
BRDA:7,7,1,0
BRDA:7,8,0,2
BRDA:7,8,1,2
BRDA:7,9,0,4
BRDA:7,9,1,0
BRF:21
BRH:9
end_of_record
TN:
SF:src\views\InvoiceView.tsx
FN:5,InvoiceView
FN:5,(anonymous_1)
FN:5,(anonymous_2)
FN:5,(anonymous_3)
FNF:4
FNH:4
FNDA:6,InvoiceView
FNDA:3,(anonymous_1)
FNDA:3,(anonymous_2)
FNDA:1,(anonymous_3)
DA:5,6
DA:6,6
LF:2
LH:2
BRDA:5,0,0,6
BRDA:5,0,1,2
BRDA:5,0,2,2
BRDA:5,0,3,2
BRDA:5,1,0,1
BRDA:5,1,1,2
BRDA:5,2,0,1
BRDA:5,2,1,0
BRDA:5,3,0,1
BRDA:5,3,1,0
BRDA:5,4,0,1
BRDA:5,4,1,0
BRDA:5,5,0,1
BRDA:5,5,1,0
BRDA:6,6,0,3
BRDA:6,6,1,3
BRDA:6,7,0,1
BRDA:6,7,1,2
BRDA:6,8,0,1
BRDA:6,8,1,0
BRF:20
BRH:15
end_of_record
TN:
SF:src\views\LoginView.tsx
FN:7,loginToken
FN:8,LoginView
FN:10,(anonymous_2)
FN:12,(anonymous_3)
FN:12,(anonymous_4)
FNF:5
FNH:5
FNDA:1,loginToken
FNDA:31,LoginView
FNDA:2,(anonymous_2)
FNDA:6,(anonymous_3)
FNDA:18,(anonymous_4)
DA:7,1
DA:9,31
DA:10,31
DA:11,31
DA:12,31
LF:5
LH:5
BRDA:7,0,0,1
BRDA:7,0,1,0
BRDA:7,0,2,0
BRDA:10,1,0,1
BRDA:10,1,1,0
BRDA:10,2,0,0
BRDA:10,2,1,2
BRDA:10,3,0,0
BRDA:10,3,1,0
BRDA:10,4,0,1
BRDA:10,4,1,1
BRDA:10,5,0,0
BRDA:10,5,1,0
BRDA:10,6,0,2
BRDA:10,6,1,0
BRDA:12,7,0,31
BRDA:12,7,1,1
BRDA:12,8,0,31
BRDA:12,8,1,2
BRDA:12,9,0,2
BRDA:12,9,1,29
BRF:21
BRH:12
end_of_record
TN:
SF:src\views\ProductDetailView.tsx
FN:8,ProductDetailView
FN:11,(anonymous_1)
FN:11,(anonymous_2)
FN:11,(anonymous_3)
FN:11,(anonymous_4)
FN:11,(anonymous_5)
FN:12,(anonymous_6)
FN:13,(anonymous_7)
FN:13,(anonymous_8)
FN:14,(anonymous_9)
FN:14,(anonymous_10)
FNF:11
FNH:5
FNDA:12,ProductDetailView
FNDA:4,(anonymous_1)
FNDA:4,(anonymous_2)
FNDA:0,(anonymous_3)
FNDA:0,(anonymous_4)
FNDA:0,(anonymous_5)
FNDA:2,(anonymous_6)
FNDA:6,(anonymous_7)
FNDA:0,(anonymous_8)
FNDA:0,(anonymous_9)
FNDA:0,(anonymous_10)
DA:9,12
DA:10,12
DA:11,12
DA:12,12
DA:13,12
DA:14,12
LF:6
LH:6
BRDA:11,0,0,1
BRDA:11,0,1,3
BRDA:11,1,0,4
BRDA:11,1,1,3
BRDA:11,2,0,0
BRDA:11,2,1,0
BRDA:11,3,0,0
BRDA:11,3,1,3
BRDA:11,4,0,0
BRDA:11,4,1,3
BRDA:11,5,0,0
BRDA:11,5,1,0
BRDA:12,6,0,1
BRDA:12,6,1,1
BRDA:12,7,0,0
BRDA:12,7,1,0
BRDA:13,8,0,6
BRDA:13,8,1,6
BRDA:13,9,0,6
BRDA:13,9,1,6
BRDA:13,10,0,6
BRDA:13,10,1,0
BRDA:13,11,0,1
BRDA:13,11,1,5
BRDA:13,12,0,6
BRDA:13,12,1,1
BRDA:13,13,0,6
BRDA:13,13,1,0
BRDA:14,14,0,5
BRDA:14,14,1,7
BRDA:14,15,0,1
BRDA:14,15,1,6
BRDA:14,16,0,7
BRDA:14,16,1,1
BRDA:14,17,0,6
BRDA:14,17,1,6
BRDA:14,18,0,6
BRDA:14,18,1,0
BRF:38
BRH:27
end_of_record
TN:
SF:src\views\RecoveryView.tsx
FN:4,RecoveryView
FN:4,(anonymous_1)
FN:4,(anonymous_2)
FNF:3
FNH:3
FNDA:34,RecoveryView
FNDA:2,(anonymous_1)
FNDA:28,(anonymous_2)
DA:4,34
LF:1
LH:1
BRDA:4,0,0,1
BRDA:4,0,1,0
BRDA:4,1,0,33
BRDA:4,1,1,1
BRDA:4,2,0,33
BRDA:4,2,1,1
BRDA:4,3,0,2
BRDA:4,3,1,31
BRF:8
BRH:7
end_of_record
TN:
SF:src\views\RegisterView.tsx
FN:5,RegisterView
FN:7,(anonymous_1)
FN:7,(anonymous_2)
FN:8,(anonymous_3)
FN:9,(anonymous_4)
FN:9,(anonymous_5)
FN:10,(anonymous_6)
FN:10,(anonymous_7)
FN:11,(anonymous_8)
FN:11,(anonymous_9)
FN:11,(anonymous_10)
FNF:11
FNH:9
FNDA:260,RegisterView
FNDA:245,(anonymous_1)
FNDA:245,(anonymous_2)
FNDA:3,(anonymous_3)
FNDA:1,(anonymous_4)
FNDA:0,(anonymous_5)
FNDA:1757,(anonymous_6)
FNDA:245,(anonymous_7)
FNDA:6,(anonymous_8)
FNDA:1,(anonymous_9)
FNDA:0,(anonymous_10)
DA:4,1
DA:6,260
DA:7,260
DA:8,260
DA:9,260
DA:10,1757
DA:11,260
LF:7
LH:7
BRDA:8,0,0,1
BRDA:8,0,1,2
BRDA:8,1,0,1
BRDA:8,1,1,1
BRDA:8,2,0,2
BRDA:8,2,1,1
BRDA:8,3,0,1
BRDA:8,3,1,1
BRDA:8,4,0,0
BRDA:8,4,1,1
BRDA:8,5,0,0
BRDA:8,5,1,0
BRDA:9,6,0,0
BRDA:9,6,1,1
BRDA:9,7,0,0
BRDA:9,7,1,0
BRDA:10,8,0,1757
BRDA:10,9,0,1757
BRDA:11,10,0,251
BRDA:11,10,1,9
BRDA:11,11,0,251
BRDA:11,11,1,2
BRDA:11,12,0,1
BRDA:11,12,1,250
BRDA:11,13,0,8
BRDA:11,13,1,1
BRDA:11,14,0,8
BRDA:11,14,1,0
BRDA:11,15,0,1
BRDA:11,15,1,7
BRF:30
BRH:23
end_of_record
TN:
SF:src\views\WorkerView.tsx
FN:5,WorkerView
FN:5,(anonymous_1)
FN:5,(anonymous_2)
FN:5,(anonymous_3)
FN:5,(anonymous_4)
FNF:5
FNH:5
FNDA:4,WorkerView
FNDA:2,(anonymous_1)
FNDA:1,(anonymous_2)
FNDA:1,(anonymous_3)
FNDA:2,(anonymous_4)
DA:5,4
LF:1
LH:1
BRDA:5,0,0,2
BRDA:5,0,1,2
BRF:2
BRH:2
end_of_record
TN:
SF:src\views\shared.ts
FN:2,(anonymous_0)
FN:2,(anonymous_1)
FN:2,(anonymous_2)
FN:3,(anonymous_3)
FN:4,(anonymous_4)
FN:5,(anonymous_5)
FN:6,(anonymous_6)
FN:7,(anonymous_7)
FN:8,(anonymous_8)
FN:12,(anonymous_9)
FNF:10
FNH:9
FNDA:1876,(anonymous_0)
FNDA:4374,(anonymous_1)
FNDA:2650,(anonymous_2)
FNDA:306,(anonymous_3)
FNDA:197,(anonymous_4)
FNDA:163,(anonymous_5)
FNDA:250,(anonymous_6)
FNDA:81,(anonymous_7)
FNDA:97,(anonymous_8)
FNDA:0,(anonymous_9)
DA:2,4374
DA:3,306
DA:4,197
DA:5,163
DA:6,250
DA:7,81
DA:8,9
DA:9,97
DA:10,97
DA:12,9
LF:10
LH:10
BRDA:2,0,0,2650
BRDA:2,0,1,1573
BRDA:3,1,0,306
BRDA:3,1,1,0
BRDA:4,2,0,197
BRDA:4,2,1,17
BRDA:6,3,0,250
BRDA:6,3,1,0
BRDA:7,4,0,81
BRDA:7,4,1,0
BRDA:10,5,0,0
BRDA:10,5,1,97
BRF:12
BRH:8
end_of_record
